2024-11-03 15:06:46 +0000  Initial pipeline context: <IDEDistributionProcessingPipelineContext: 0x35a986180; archive(resolved)="<IDEArchive: 0x600034931b20>", distributionTask(resolved)="2", distributionDestination(resolved)="2", distributionMethod(resolved)="<IDEDistributionMethodiOSAppStoreDistribution: 0x60000a03b400>", team(resolved)="<IDEProvisioningDisambiguatableBasicTeam: 0x600003d1e740; teamID='PS2C43R353', teamName='zhanghua ma', teamType='Individual', username='285036085@qq.com', isFreeProvisioningTeam='0'>">
	Chain (17, self inclusive):
	<IDEDistributionProcessingPipelineContext: 0x35a986180; archive = "<IDEArchive: 0x600034931b20>", distributionMethod="<IDEDistributionMethodiOSAppStoreDistribution: 0x60000a03b400>", team="<IDEProvisioningDisambiguatableBasicTeam: 0x600003d1e740; teamID='PS2C43R353', teamName='zhanghua ma', teamType='Individual', username='285036085@qq.com', isFreeProvisioningTeam='0'>">
	<IDEDistributionProcessingPipelineContext: 0x35b57f080; archive = "<IDEArchive: 0x600034931b20>", distributionMethod="<IDEDistributionMethodiOSAppStoreDistribution: 0x60000a03b400>", team="<IDEProvisioningDisambiguatableBasicTeam: 0x600003d1e740; teamID='PS2C43R353', teamName='zhanghua ma', teamType='Individual', username='285036085@qq.com', isFreeProvisioningTeam='0'>">
	<IDEDistributionContext: 0x35a985f70; archive = "<IDEArchive: 0x600034931b20>", distributionMethod="<IDEDistributionMethodiOSAppStoreDistribution: 0x60000a03b400>", team="<IDEProvisioningDisambiguatableBasicTeam: 0x600003d1e740; teamID='PS2C43R353', teamName='zhanghua ma', teamType='Individual', username='285036085@qq.com', isFreeProvisioningTeam='0'>">
	<IDEDistributionContext: 0x35a8c5e80; archive = "<IDEArchive: 0x600034931b20>", distributionMethod="<IDEDistributionMethodiOSAppStoreDistribution: 0x60000a03b400>", team="<IDEProvisioningDisambiguatableBasicTeam: 0x600003d1e740; teamID='PS2C43R353', teamName='zhanghua ma', teamType='Individual', username='285036085@qq.com', isFreeProvisioningTeam='0'>">
	<IDEDistributionContext: 0x35afb23d0; archive = "<IDEArchive: 0x600034931b20>", distributionMethod="<IDEDistributionMethodiOSAppStoreDistribution: 0x60000a03b400>", team="<IDEProvisioningDisambiguatableBasicTeam: 0x600003d1e740; teamID='PS2C43R353', teamName='zhanghua ma', teamType='Individual', username='285036085@qq.com', isFreeProvisioningTeam='0'>">
	<IDEDistributionContext: 0x35b591240; archive = "<IDEArchive: 0x600034931b20>", distributionMethod="<IDEDistributionMethodiOSAppStoreDistribution: 0x60000a03b400>", team="<IDEProvisioningDisambiguatableBasicTeam: 0x600003d1e740; teamID='PS2C43R353', teamName='zhanghua ma', teamType='Individual', username='285036085@qq.com', isFreeProvisioningTeam='0'>">
	<IDEDistributionContext: 0x35a8e0b70; archive = "<IDEArchive: 0x600034931b20>", distributionMethod="<IDEDistributionMethodiOSAppStoreDistribution: 0x60000a03b400>", team="<IDEProvisioningDisambiguatableBasicTeam: 0x600003d1e740; teamID='PS2C43R353', teamName='zhanghua ma', teamType='Individual', username='285036085@qq.com', isFreeProvisioningTeam='0'>">
	<IDEDistributionContext: 0x359e1c420; archive = "<IDEArchive: 0x600034931b20>", distributionMethod="<IDEDistributionMethodiOSAppStoreDistribution: 0x60000a03b400>", team="<IDEProvisioningDisambiguatableBasicTeam: 0x600003d1e740; teamID='PS2C43R353', teamName='zhanghua ma', teamType='Individual', username='285036085@qq.com', isFreeProvisioningTeam='0'>">
	<IDEDistributionContext: 0x35a8dde30; archive = "<IDEArchive: 0x600034931b20>", distributionMethod="<IDEDistributionMethodiOSAppStoreDistribution: 0x60000a03b400>", team="<IDEProvisioningDisambiguatableBasicTeam: 0x600003d1e740; teamID='PS2C43R353', teamName='zhanghua ma', teamType='Individual', username='285036085@qq.com', isFreeProvisioningTeam='0'>">
	<IDEDistributionContext: 0x35af8bda0; archive = "<IDEArchive: 0x600034931b20>", distributionMethod="<IDEDistributionMethodiOSAppStoreDistribution: 0x60000a03b400>", team="<IDEProvisioningDisambiguatableBasicTeam: 0x600003d1e740; teamID='PS2C43R353', teamName='zhanghua ma', teamType='Individual', username='285036085@qq.com', isFreeProvisioningTeam='0'>">
	<IDEDistributionContext: 0x35a8b5000; archive = "<IDEArchive: 0x600034931b20>", distributionMethod="<IDEDistributionMethodiOSAppStoreDistribution: 0x60000a03b400>", team="<IDEProvisioningDisambiguatableBasicTeam: 0x600003d1e740; teamID='PS2C43R353', teamName='zhanghua ma', teamType='Individual', username='285036085@qq.com', isFreeProvisioningTeam='0'>">
	<IDEDistributionContext: 0x35a8ddc20; archive = "<IDEArchive: 0x600034931b20>", distributionMethod="<IDEDistributionMethodiOSAppStoreDistribution: 0x60000a03b400>", team="<IDEProvisioningDisambiguatableBasicTeam: 0x600003d1e740; teamID='PS2C43R353', teamName='zhanghua ma', teamType='Individual', username='285036085@qq.com', isFreeProvisioningTeam='0'>">
	<IDEDistributionContext: 0x35a8dda10; archive = "<IDEArchive: 0x600034931b20>", distributionMethod="<IDEDistributionMethodiOSAppStoreDistribution: 0x60000a03b400>", team="(null)">
	<IDEDistributionContext: 0x35aca4f90; archive = "<IDEArchive: 0x600034931b20>", distributionMethod="<IDEDistributionMethodiOSAppStoreDistribution: 0x60000a03b400>", team="(null)">
	<IDEDistributionContext: 0x35bea8e80; archive = "<IDEArchive: 0x600034931b20>", distributionMethod="(null)", team="(null)">
	<IDEDistributionContext: 0x35af0a280; archive = "<IDEArchive: 0x600034931b20>", distributionMethod="(null)", team="(null)">
	<IDEDistributionContext: 0x35bea8c70; archive = "<IDEArchive: 0x600034931b20>", distributionMethod="(null)", team="(null)">
</IDEDistributionProcessingPipelineContext: 0x35a986180>
2024-11-03 15:06:46 +0000  Processing step: IDEDistributionCreateDestRootStep
2024-11-03 15:06:46 +0000  Processing step: IDEDistributionCopyItemStep
2024-11-03 15:06:46 +0000  Running /usr/bin/ditto '-V' '/Users/mzh/Library/Developer/Xcode/Archives/2024-11-03/expoapp 2024-11-3, 23.03.xcarchive/Products/Applications/expoapp.app' '/var/folders/v5/kn5srbfs3zz0ky7wrgv61k240000gn/T/XcodeDistPipeline.~~~QQ7NY2/Root/Payload/expoapp.app'
2024-11-03 15:06:46 +0000  >>> Copying /Users/mzh/Library/Developer/Xcode/Archives/2024-11-03/expoapp 2024-11-3, 23.03.xcarchive/Products/Applications/expoapp.app 
2024-11-03 15:06:46 +0000  copying file ./_CodeSignature/CodeResources ... 
2024-11-03 15:06:46 +0000  41014 bytes for ./_CodeSignature/CodeResources
2024-11-03 15:06:46 +0000  copying file ./SplashScreen.storyboardc/EXPO-VIEWCONTROLLER-1-view-EXPO-ContainerView.nib ... 
2024-11-03 15:06:46 +0000  2411 bytes for ./SplashScreen.storyboardc/EXPO-VIEWCONTROLLER-1-view-EXPO-ContainerView.nib
2024-11-03 15:06:46 +0000  copying file ./SplashScreen.storyboardc/SplashScreenViewController.nib ... 
2024-11-03 15:06:46 +0000  1004 bytes for ./SplashScreen.storyboardc/SplashScreenViewController.nib
2024-11-03 15:06:46 +0000  copying file ./SplashScreen.storyboardc/Info.plist ... 
2024-11-03 15:06:46 +0000  225 bytes for ./SplashScreen.storyboardc/Info.plist
2024-11-03 15:06:46 +0000  copying file ./ExpoSystemUI_privacy.bundle/PrivacyInfo.xcprivacy ... 
2024-11-03 15:06:46 +0000  607 bytes for ./ExpoSystemUI_privacy.bundle/PrivacyInfo.xcprivacy
2024-11-03 15:06:46 +0000  copying file ./ExpoSystemUI_privacy.bundle/Info.plist ... 
2024-11-03 15:06:46 +0000  789 bytes for ./ExpoSystemUI_privacy.bundle/Info.plist
2024-11-03 15:06:46 +0000  copying file ./AppIcon60x60@2x.png ... 
2024-11-03 15:06:46 +0000  7256 bytes for ./AppIcon60x60@2x.png
2024-11-03 15:06:46 +0000  copying file ./ExpoConstants_privacy.bundle/PrivacyInfo.xcprivacy ... 
2024-11-03 15:06:46 +0000  607 bytes for ./ExpoConstants_privacy.bundle/PrivacyInfo.xcprivacy
2024-11-03 15:06:46 +0000  copying file ./ExpoConstants_privacy.bundle/Info.plist ... 
2024-11-03 15:06:46 +0000  792 bytes for ./ExpoConstants_privacy.bundle/Info.plist
2024-11-03 15:06:46 +0000  copying file ./expoapp ... 
2024-11-03 15:06:46 +0000  6083680 bytes for ./expoapp
2024-11-03 15:06:46 +0000  copying file ./Assets.car ... 
2024-11-03 15:06:46 +0000  156655 bytes for ./Assets.car
2024-11-03 15:06:46 +0000  copying file ./AppIcon76x76@2x~ipad.png ... 
2024-11-03 15:06:46 +0000  9233 bytes for ./AppIcon76x76@2x~ipad.png
2024-11-03 15:06:46 +0000  copying file ./main.jsbundle ... 
2024-11-03 15:06:46 +0000  2884590 bytes for ./main.jsbundle
2024-11-03 15:06:46 +0000  copying file ./EXConstants.bundle/app.config ... 
2024-11-03 15:06:46 +0000  714 bytes for ./EXConstants.bundle/app.config
2024-11-03 15:06:46 +0000  copying file ./EXConstants.bundle/Info.plist ... 
2024-11-03 15:06:46 +0000  770 bytes for ./EXConstants.bundle/Info.plist
2024-11-03 15:06:46 +0000  copying file ./RCTI18nStrings.bundle/de.lproj/Localizable.strings ... 
2024-11-03 15:06:46 +0000  64 bytes for ./RCTI18nStrings.bundle/de.lproj/Localizable.strings
2024-11-03 15:06:46 +0000  copying file ./RCTI18nStrings.bundle/de.lproj/fbt_language_pack.bin ... 
2024-11-03 15:06:46 +0000  1312 bytes for ./RCTI18nStrings.bundle/de.lproj/fbt_language_pack.bin
2024-11-03 15:06:46 +0000  copying file ./RCTI18nStrings.bundle/he.lproj/Localizable.strings ... 
2024-11-03 15:06:46 +0000  64 bytes for ./RCTI18nStrings.bundle/he.lproj/Localizable.strings
copying file ./RCTI18nStrings.bundle/he.lproj/fbt_language_pack.bin ... 
2024-11-03 15:06:46 +0000  1444 bytes for ./RCTI18nStrings.bundle/he.lproj/fbt_language_pack.bin
2024-11-03 15:06:46 +0000  copying file ./RCTI18nStrings.bundle/ar.lproj/Localizable.strings ... 
2024-11-03 15:06:46 +0000  64 bytes for ./RCTI18nStrings.bundle/ar.lproj/Localizable.strings
2024-11-03 15:06:46 +0000  copying file ./RCTI18nStrings.bundle/ar.lproj/fbt_language_pack.bin ... 
2024-11-03 15:06:46 +0000  1500 bytes for ./RCTI18nStrings.bundle/ar.lproj/fbt_language_pack.bin
2024-11-03 15:06:46 +0000  copying file ./RCTI18nStrings.bundle/el.lproj/Localizable.strings ... 
2024-11-03 15:06:46 +0000  64 bytes for ./RCTI18nStrings.bundle/el.lproj/Localizable.strings
2024-11-03 15:06:46 +0000  copying file ./RCTI18nStrings.bundle/el.lproj/fbt_language_pack.bin ... 
2024-11-03 15:06:46 +0000  1600 bytes for ./RCTI18nStrings.bundle/el.lproj/fbt_language_pack.bin
2024-11-03 15:06:46 +0000  copying file ./RCTI18nStrings.bundle/zh-Hans.lproj/Localizable.strings ... 
2024-11-03 15:06:46 +0000  64 bytes for ./RCTI18nStrings.bundle/zh-Hans.lproj/Localizable.strings
2024-11-03 15:06:46 +0000  copying file ./RCTI18nStrings.bundle/zh-Hans.lproj/fbt_language_pack.bin ... 
2024-11-03 15:06:46 +0000  1296 bytes for ./RCTI18nStrings.bundle/zh-Hans.lproj/fbt_language_pack.bin
2024-11-03 15:06:46 +0000  copying file ./RCTI18nStrings.bundle/ja.lproj/Localizable.strings ... 
2024-11-03 15:06:46 +0000  64 bytes for ./RCTI18nStrings.bundle/ja.lproj/Localizable.strings
2024-11-03 15:06:46 +0000  copying file ./RCTI18nStrings.bundle/ja.lproj/fbt_language_pack.bin ... 
2024-11-03 15:06:46 +0000  1436 bytes for ./RCTI18nStrings.bundle/ja.lproj/fbt_language_pack.bin
2024-11-03 15:06:46 +0000  copying file ./RCTI18nStrings.bundle/en.lproj/Localizable.strings ... 
2024-11-03 15:06:46 +0000  64 bytes for ./RCTI18nStrings.bundle/en.lproj/Localizable.strings
2024-11-03 15:06:46 +0000  copying file ./RCTI18nStrings.bundle/zh-Hant-HK.lproj/Localizable.strings ... 
2024-11-03 15:06:46 +0000  64 bytes for ./RCTI18nStrings.bundle/zh-Hant-HK.lproj/Localizable.strings
2024-11-03 15:06:46 +0000  copying file ./RCTI18nStrings.bundle/zh-Hant-HK.lproj/fbt_language_pack.bin ... 
2024-11-03 15:06:46 +0000  1296 bytes for ./RCTI18nStrings.bundle/zh-Hant-HK.lproj/fbt_language_pack.bin
2024-11-03 15:06:46 +0000  copying file ./RCTI18nStrings.bundle/uk.lproj/Localizable.strings ... 
2024-11-03 15:06:46 +0000  64 bytes for ./RCTI18nStrings.bundle/uk.lproj/Localizable.strings
2024-11-03 15:06:46 +0000  copying file ./RCTI18nStrings.bundle/uk.lproj/fbt_language_pack.bin ... 
2024-11-03 15:06:46 +0000  1564 bytes for ./RCTI18nStrings.bundle/uk.lproj/fbt_language_pack.bin
2024-11-03 15:06:46 +0000  copying file ./RCTI18nStrings.bundle/nb.lproj/Localizable.strings ... 
2024-11-03 15:06:46 +0000  64 bytes for ./RCTI18nStrings.bundle/nb.lproj/Localizable.strings
2024-11-03 15:06:46 +0000  copying file ./RCTI18nStrings.bundle/nb.lproj/fbt_language_pack.bin ... 
2024-11-03 15:06:46 +0000  1296 bytes for ./RCTI18nStrings.bundle/nb.lproj/fbt_language_pack.bin
2024-11-03 15:06:46 +0000  copying file ./RCTI18nStrings.bundle/en-GB.lproj/Localizable.strings ... 
2024-11-03 15:06:46 +0000  64 bytes for ./RCTI18nStrings.bundle/en-GB.lproj/Localizable.strings
2024-11-03 15:06:46 +0000  copying file ./RCTI18nStrings.bundle/en-GB.lproj/fbt_language_pack.bin ... 
2024-11-03 15:06:46 +0000  1268 bytes for ./RCTI18nStrings.bundle/en-GB.lproj/fbt_language_pack.bin
2024-11-03 15:06:46 +0000  copying file ./RCTI18nStrings.bundle/es.lproj/Localizable.strings ... 
2024-11-03 15:06:46 +0000  64 bytes for ./RCTI18nStrings.bundle/es.lproj/Localizable.strings
2024-11-03 15:06:46 +0000  copying file ./RCTI18nStrings.bundle/es.lproj/fbt_language_pack.bin ... 
2024-11-03 15:06:46 +0000  1364 bytes for ./RCTI18nStrings.bundle/es.lproj/fbt_language_pack.bin
2024-11-03 15:06:46 +0000  copying file ./RCTI18nStrings.bundle/da.lproj/Localizable.strings ... 
2024-11-03 15:06:46 +0000  64 bytes for ./RCTI18nStrings.bundle/da.lproj/Localizable.strings
2024-11-03 15:06:46 +0000  copying file ./RCTI18nStrings.bundle/da.lproj/fbt_language_pack.bin ... 
2024-11-03 15:06:46 +0000  1300 bytes for ./RCTI18nStrings.bundle/da.lproj/fbt_language_pack.bin
2024-11-03 15:06:46 +0000  copying file ./RCTI18nStrings.bundle/it.lproj/Localizable.strings ... 
2024-11-03 15:06:46 +0000  64 bytes for ./RCTI18nStrings.bundle/it.lproj/Localizable.strings
2024-11-03 15:06:46 +0000  copying file ./RCTI18nStrings.bundle/it.lproj/fbt_language_pack.bin ... 
2024-11-03 15:06:46 +0000  1388 bytes for ./RCTI18nStrings.bundle/it.lproj/fbt_language_pack.bin
2024-11-03 15:06:46 +0000  copying file ./RCTI18nStrings.bundle/sk.lproj/Localizable.strings ... 
2024-11-03 15:06:46 +0000  64 bytes for ./RCTI18nStrings.bundle/sk.lproj/Localizable.strings
2024-11-03 15:06:46 +0000  copying file ./RCTI18nStrings.bundle/sk.lproj/fbt_language_pack.bin ... 
2024-11-03 15:06:46 +0000  1356 bytes for ./RCTI18nStrings.bundle/sk.lproj/fbt_language_pack.bin
2024-11-03 15:06:46 +0000  copying file ./RCTI18nStrings.bundle/es-ES.lproj/Localizable.strings ... 
2024-11-03 15:06:46 +0000  64 bytes for ./RCTI18nStrings.bundle/es-ES.lproj/Localizable.strings
2024-11-03 15:06:46 +0000  copying file ./RCTI18nStrings.bundle/es-ES.lproj/fbt_language_pack.bin ... 
2024-11-03 15:06:46 +0000  1368 bytes for ./RCTI18nStrings.bundle/es-ES.lproj/fbt_language_pack.bin
2024-11-03 15:06:46 +0000  copying file ./RCTI18nStrings.bundle/ms.lproj/Localizable.strings ... 
2024-11-03 15:06:46 +0000  64 bytes for ./RCTI18nStrings.bundle/ms.lproj/Localizable.strings
2024-11-03 15:06:46 +0000  copying file ./RCTI18nStrings.bundle/ms.lproj/fbt_language_pack.bin ... 
2024-11-03 15:06:46 +0000  1292 bytes for ./RCTI18nStrings.bundle/ms.lproj/fbt_language_pack.bin
2024-11-03 15:06:46 +0000  copying file ./RCTI18nStrings.bundle/sv.lproj/Localizable.strings ... 
2024-11-03 15:06:46 +0000  64 bytes for ./RCTI18nStrings.bundle/sv.lproj/Localizable.strings
2024-11-03 15:06:46 +0000  copying file ./RCTI18nStrings.bundle/sv.lproj/fbt_language_pack.bin ... 
2024-11-03 15:06:46 +0000  1300 bytes for ./RCTI18nStrings.bundle/sv.lproj/fbt_language_pack.bin
2024-11-03 15:06:46 +0000  copying file ./RCTI18nStrings.bundle/cs.lproj/Localizable.strings ... 
2024-11-03 15:06:46 +0000  64 bytes for ./RCTI18nStrings.bundle/cs.lproj/Localizable.strings
2024-11-03 15:06:46 +0000  copying file ./RCTI18nStrings.bundle/cs.lproj/fbt_language_pack.bin ... 
2024-11-03 15:06:46 +0000  1368 bytes for ./RCTI18nStrings.bundle/cs.lproj/fbt_language_pack.bin
2024-11-03 15:06:46 +0000  copying file ./RCTI18nStrings.bundle/ko.lproj/Localizable.strings ... 
2024-11-03 15:06:46 +0000  64 bytes for ./RCTI18nStrings.bundle/ko.lproj/Localizable.strings
2024-11-03 15:06:46 +0000  copying file ./RCTI18nStrings.bundle/ko.lproj/fbt_language_pack.bin ... 
2024-11-03 15:06:46 +0000  1332 bytes for ./RCTI18nStrings.bundle/ko.lproj/fbt_language_pack.bin
2024-11-03 15:06:46 +0000  copying file ./RCTI18nStrings.bundle/zh-Hant.lproj/Localizable.strings ... 
2024-11-03 15:06:46 +0000  64 bytes for ./RCTI18nStrings.bundle/zh-Hant.lproj/Localizable.strings
2024-11-03 15:06:46 +0000  copying file ./RCTI18nStrings.bundle/zh-Hant.lproj/fbt_language_pack.bin ... 
2024-11-03 15:06:46 +0000  1308 bytes for ./RCTI18nStrings.bundle/zh-Hant.lproj/fbt_language_pack.bin
2024-11-03 15:06:46 +0000  copying file ./RCTI18nStrings.bundle/hu.lproj/Localizable.strings ... 
2024-11-03 15:06:46 +0000  64 bytes for ./RCTI18nStrings.bundle/hu.lproj/Localizable.strings
2024-11-03 15:06:46 +0000  copying file ./RCTI18nStrings.bundle/hu.lproj/fbt_language_pack.bin ... 
2024-11-03 15:06:46 +0000  1348 bytes for ./RCTI18nStrings.bundle/hu.lproj/fbt_language_pack.bin
2024-11-03 15:06:46 +0000  copying file ./RCTI18nStrings.bundle/tr.lproj/Localizable.strings ... 
2024-11-03 15:06:46 +0000  64 bytes for ./RCTI18nStrings.bundle/tr.lproj/Localizable.strings
2024-11-03 15:06:46 +0000  copying file ./RCTI18nStrings.bundle/tr.lproj/fbt_language_pack.bin ... 
2024-11-03 15:06:46 +0000  1360 bytes for ./RCTI18nStrings.bundle/tr.lproj/fbt_language_pack.bin
2024-11-03 15:06:46 +0000  copying file ./RCTI18nStrings.bundle/pl.lproj/Localizable.strings ... 
2024-11-03 15:06:46 +0000  64 bytes for ./RCTI18nStrings.bundle/pl.lproj/Localizable.strings
2024-11-03 15:06:46 +0000  copying file ./RCTI18nStrings.bundle/pl.lproj/fbt_language_pack.bin ... 
2024-11-03 15:06:46 +0000  1340 bytes for ./RCTI18nStrings.bundle/pl.lproj/fbt_language_pack.bin
2024-11-03 15:06:46 +0000  copying file ./RCTI18nStrings.bundle/vi.lproj/Localizable.strings ... 
2024-11-03 15:06:46 +0000  64 bytes for ./RCTI18nStrings.bundle/vi.lproj/Localizable.strings
2024-11-03 15:06:46 +0000  copying file ./RCTI18nStrings.bundle/vi.lproj/fbt_language_pack.bin ... 
2024-11-03 15:06:46 +0000  1352 bytes for ./RCTI18nStrings.bundle/vi.lproj/fbt_language_pack.bin
2024-11-03 15:06:46 +0000  copying file ./RCTI18nStrings.bundle/ru.lproj/Localizable.strings ... 
2024-11-03 15:06:46 +0000  64 bytes for ./RCTI18nStrings.bundle/ru.lproj/Localizable.strings
2024-11-03 15:06:46 +0000  copying file ./RCTI18nStrings.bundle/ru.lproj/fbt_language_pack.bin ... 
2024-11-03 15:06:46 +0000  1576 bytes for ./RCTI18nStrings.bundle/ru.lproj/fbt_language_pack.bin
2024-11-03 15:06:46 +0000  copying file ./RCTI18nStrings.bundle/fr.lproj/Localizable.strings ... 
2024-11-03 15:06:46 +0000  64 bytes for ./RCTI18nStrings.bundle/fr.lproj/Localizable.strings
2024-11-03 15:06:46 +0000  copying file ./RCTI18nStrings.bundle/fr.lproj/fbt_language_pack.bin ... 
2024-11-03 15:06:46 +0000  1360 bytes for ./RCTI18nStrings.bundle/fr.lproj/fbt_language_pack.bin
2024-11-03 15:06:46 +0000  copying file ./RCTI18nStrings.bundle/fi.lproj/Localizable.strings ... 
2024-11-03 15:06:46 +0000  64 bytes for ./RCTI18nStrings.bundle/fi.lproj/Localizable.strings
2024-11-03 15:06:46 +0000  copying file ./RCTI18nStrings.bundle/fi.lproj/fbt_language_pack.bin ... 
2024-11-03 15:06:46 +0000  1340 bytes for ./RCTI18nStrings.bundle/fi.lproj/fbt_language_pack.bin
2024-11-03 15:06:46 +0000  copying file ./RCTI18nStrings.bundle/id.lproj/Localizable.strings ... 
2024-11-03 15:06:46 +0000  64 bytes for ./RCTI18nStrings.bundle/id.lproj/Localizable.strings
2024-11-03 15:06:46 +0000  copying file ./RCTI18nStrings.bundle/id.lproj/fbt_language_pack.bin ... 
2024-11-03 15:06:46 +0000  1300 bytes for ./RCTI18nStrings.bundle/id.lproj/fbt_language_pack.bin
2024-11-03 15:06:46 +0000  copying file ./RCTI18nStrings.bundle/nl.lproj/Localizable.strings ... 
2024-11-03 15:06:46 +0000  64 bytes for ./RCTI18nStrings.bundle/nl.lproj/Localizable.strings
2024-11-03 15:06:46 +0000  copying file ./RCTI18nStrings.bundle/nl.lproj/fbt_language_pack.bin ... 
2024-11-03 15:06:46 +0000  1324 bytes for ./RCTI18nStrings.bundle/nl.lproj/fbt_language_pack.bin
2024-11-03 15:06:46 +0000  copying file ./RCTI18nStrings.bundle/th.lproj/Localizable.strings ... 
2024-11-03 15:06:46 +0000  64 bytes for ./RCTI18nStrings.bundle/th.lproj/Localizable.strings
2024-11-03 15:06:46 +0000  copying file ./RCTI18nStrings.bundle/th.lproj/fbt_language_pack.bin ... 
2024-11-03 15:06:46 +0000  1784 bytes for ./RCTI18nStrings.bundle/th.lproj/fbt_language_pack.bin
2024-11-03 15:06:46 +0000  copying file ./RCTI18nStrings.bundle/pt.lproj/Localizable.strings ... 
2024-11-03 15:06:46 +0000  64 bytes for ./RCTI18nStrings.bundle/pt.lproj/Localizable.strings
2024-11-03 15:06:46 +0000  copying file ./RCTI18nStrings.bundle/pt.lproj/fbt_language_pack.bin ... 
2024-11-03 15:06:46 +0000  1356 bytes for ./RCTI18nStrings.bundle/pt.lproj/fbt_language_pack.bin
2024-11-03 15:06:46 +0000  copying file ./RCTI18nStrings.bundle/zu.lproj/Localizable.strings ... 
2024-11-03 15:06:46 +0000  64 bytes for ./RCTI18nStrings.bundle/zu.lproj/Localizable.strings
2024-11-03 15:06:46 +0000  copying file ./RCTI18nStrings.bundle/zu.lproj/fbt_language_pack.bin ... 
2024-11-03 15:06:46 +0000  2076 bytes for ./RCTI18nStrings.bundle/zu.lproj/fbt_language_pack.bin
2024-11-03 15:06:46 +0000  copying file ./RCTI18nStrings.bundle/pt-PT.lproj/Localizable.strings ... 
2024-11-03 15:06:46 +0000  64 bytes for ./RCTI18nStrings.bundle/pt-PT.lproj/Localizable.strings
2024-11-03 15:06:46 +0000  copying file ./RCTI18nStrings.bundle/pt-PT.lproj/fbt_language_pack.bin ... 
2024-11-03 15:06:46 +0000  1372 bytes for ./RCTI18nStrings.bundle/pt-PT.lproj/fbt_language_pack.bin
2024-11-03 15:06:46 +0000  copying file ./RCTI18nStrings.bundle/ro.lproj/Localizable.strings ... 
2024-11-03 15:06:46 +0000  64 bytes for ./RCTI18nStrings.bundle/ro.lproj/Localizable.strings
2024-11-03 15:06:46 +0000  copying file ./RCTI18nStrings.bundle/ro.lproj/fbt_language_pack.bin ... 
2024-11-03 15:06:46 +0000  1344 bytes for ./RCTI18nStrings.bundle/ro.lproj/fbt_language_pack.bin
2024-11-03 15:06:46 +0000  copying file ./RCTI18nStrings.bundle/Info.plist ... 
2024-11-03 15:06:46 +0000  776 bytes for ./RCTI18nStrings.bundle/Info.plist
2024-11-03 15:06:46 +0000  copying file ./RCTI18nStrings.bundle/hr.lproj/Localizable.strings ... 
2024-11-03 15:06:46 +0000  64 bytes for ./RCTI18nStrings.bundle/hr.lproj/Localizable.strings
2024-11-03 15:06:46 +0000  copying file ./RCTI18nStrings.bundle/hr.lproj/fbt_language_pack.bin ... 
2024-11-03 15:06:46 +0000  1352 bytes for ./RCTI18nStrings.bundle/hr.lproj/fbt_language_pack.bin
2024-11-03 15:06:46 +0000  copying file ./RCTI18nStrings.bundle/hi.lproj/Localizable.strings ... 
2024-11-03 15:06:46 +0000  64 bytes for ./RCTI18nStrings.bundle/hi.lproj/Localizable.strings
2024-11-03 15:06:46 +0000  copying file ./RCTI18nStrings.bundle/hi.lproj/fbt_language_pack.bin ... 
2024-11-03 15:06:46 +0000  1640 bytes for ./RCTI18nStrings.bundle/hi.lproj/fbt_language_pack.bin
2024-11-03 15:06:46 +0000  copying file ./PrivacyInfo.xcprivacy ... 
2024-11-03 15:06:46 +0000  1283 bytes for ./PrivacyInfo.xcprivacy
2024-11-03 15:06:46 +0000  copying file ./ExpoFileSystem_privacy.bundle/PrivacyInfo.xcprivacy ... 
2024-11-03 15:06:46 +0000  877 bytes for ./ExpoFileSystem_privacy.bundle/PrivacyInfo.xcprivacy
2024-11-03 15:06:46 +0000  copying file ./ExpoFileSystem_privacy.bundle/Info.plist ... 
2024-11-03 15:06:46 +0000  794 bytes for ./ExpoFileSystem_privacy.bundle/Info.plist
2024-11-03 15:06:46 +0000  copying file ./Frameworks/libswift_Concurrency.dylib ... 
2024-11-03 15:06:46 +0000  557584 bytes for ./Frameworks/libswift_Concurrency.dylib
2024-11-03 15:06:46 +0000  copying file ./Frameworks/hermes.framework/_CodeSignature/CodeResources ... 
2024-11-03 15:06:46 +0000  1798 bytes for ./Frameworks/hermes.framework/_CodeSignature/CodeResources
2024-11-03 15:06:46 +0000  copying file ./Frameworks/hermes.framework/hermes ... 
2024-11-03 15:06:46 +0000  4444944 bytes for ./Frameworks/hermes.framework/hermes
2024-11-03 15:06:46 +0000  copying file ./Frameworks/hermes.framework/Info.plist ... 
815 bytes for ./Frameworks/hermes.framework/Info.plist
copying file ./embedded.mobileprovision ... 
2024-11-03 15:06:46 +0000  17464 bytes for ./embedded.mobileprovision
2024-11-03 15:06:46 +0000  copying file ./assets/node_modules/@react-navigation/elements/src/assets/back-icon@3x.png ... 
2024-11-03 15:06:46 +0000  761 bytes for ./assets/node_modules/@react-navigation/elements/src/assets/back-icon@3x.png
2024-11-03 15:06:46 +0000  copying file ./assets/node_modules/@react-navigation/elements/src/assets/back-icon@2x.png ... 
2024-11-03 15:06:46 +0000  405 bytes for ./assets/node_modules/@react-navigation/elements/src/assets/back-icon@2x.png
2024-11-03 15:06:46 +0000  copying file ./assets/node_modules/@react-navigation/elements/src/assets/back-icon.png ... 
2024-11-03 15:06:46 +0000  290 bytes for ./assets/node_modules/@react-navigation/elements/src/assets/back-icon.png
2024-11-03 15:06:46 +0000  copying file ./assets/node_modules/@react-navigation/elements/src/assets/back-icon-mask.png ... 
2024-11-03 15:06:46 +0000  913 bytes for ./assets/node_modules/@react-navigation/elements/src/assets/back-icon-mask.png
2024-11-03 15:06:46 +0000  copying file ./assets/node_modules/@expo/vector-icons/build/vendor/react-native-vector-icons/Fonts/Ionicons.ttf ... 
2024-11-03 15:06:46 +0000  442604 bytes for ./assets/node_modules/@expo/vector-icons/build/vendor/react-native-vector-icons/Fonts/Ionicons.ttf
2024-11-03 15:06:46 +0000  copying file ./assets/node_modules/expo-router/assets/pkg.png ... 
2024-11-03 15:06:46 +0000  429 bytes for ./assets/node_modules/expo-router/assets/pkg.png
2024-11-03 15:06:46 +0000  copying file ./assets/node_modules/expo-router/assets/file.png ... 
2024-11-03 15:06:46 +0000  158 bytes for ./assets/node_modules/expo-router/assets/file.png
2024-11-03 15:06:46 +0000  copying file ./assets/node_modules/expo-router/assets/forward.png ... 
2024-11-03 15:06:46 +0000  250 bytes for ./assets/node_modules/expo-router/assets/forward.png
2024-11-03 15:06:46 +0000  copying file ./assets/node_modules/expo-router/assets/error.png ... 
2024-11-03 15:06:46 +0000  516 bytes for ./assets/node_modules/expo-router/assets/error.png
2024-11-03 15:06:46 +0000  copying file ./assets/assets/images/partial-react-logo.png ... 
2024-11-03 15:06:46 +0000  5075 bytes for ./assets/assets/images/partial-react-logo.png
2024-11-03 15:06:46 +0000  copying file ./assets/assets/images/react-logo@2x.png ... 
2024-11-03 15:06:46 +0000  14225 bytes for ./assets/assets/images/react-logo@2x.png
2024-11-03 15:06:46 +0000  copying file ./assets/assets/images/react-logo@3x.png ... 
2024-11-03 15:06:46 +0000  21252 bytes for ./assets/assets/images/react-logo@3x.png
2024-11-03 15:06:46 +0000  copying file ./assets/assets/images/react-logo.png ... 
2024-11-03 15:06:46 +0000  6341 bytes for ./assets/assets/images/react-logo.png
2024-11-03 15:06:46 +0000  copying file ./assets/assets/fonts/SpaceMono-Regular.ttf ... 
2024-11-03 15:06:46 +0000  93252 bytes for ./assets/assets/fonts/SpaceMono-Regular.ttf
2024-11-03 15:06:46 +0000  copying file ./Info.plist ... 
2024-11-03 15:06:46 +0000  1782 bytes for ./Info.plist
2024-11-03 15:06:46 +0000  copying file ./Expo.plist ... 
2024-11-03 15:06:46 +0000  132 bytes for ./Expo.plist
2024-11-03 15:06:46 +0000  copying file ./PkgInfo ... 
2024-11-03 15:06:46 +0000  8 bytes for ./PkgInfo
2024-11-03 15:06:46 +0000  /usr/bin/ditto exited with 0
2024-11-03 15:06:46 +0000  Processing step: IDEDistributionEmbedProfileStep
2024-11-03 15:06:46 +0000  Skipping profile for item: <IDEDistributionItem: 0x60000c7b3300; bundleID='dev.hermesengine.iphoneos', path='<DVTFilePath:0x60002ca10d20:'/Users/mzh/Library/Developer/Xcode/Archives/2024-11-03/expoapp 2024-11-3, 23.03.xcarchive/Products/Applications/expoapp.app/Frameworks/hermes.framework'>', codeSigningInfo='<_DVTCodeSigningInformation_Path: 0x60002c161a90; isSigned='1', isAdHocSigned='0', signingCertificate='<DVTSigningCertificate: 0x60002578b900; name='Apple Development: zhanghua ma (Z9U5U7MRSC)', hash='B3E9B80A458502BAC65E76F7F4A426CE1F874B72', serialNumber='405C13EF9109FFB887352416826D27FA', certificateKinds='(
    "1.2.840.113635.100.6.1.12",
    "1.2.840.113635.100.6.1.2"
), issueDate='2024-01-15 13:31:42 +0000''>', entitlements='(null)', teamID='PS2C43R353', identifier='dev.hermesengine.iphoneos', executablePath='<DVTFilePath:0x60000c69c2a0:'/Users/mzh/Library/Developer/Xcode/Archives/2024-11-03/expoapp 2024-11-3, 23.03.xcarchive/Products/Applications/expoapp.app/Frameworks/hermes.framework/hermes'>', hardenedRuntime='0'>'>
2024-11-03 15:06:46 +0000  Skipping profile for item: <IDEDistributionItem: 0x600024763660; bundleID='com.apple.dt.runtime.swiftConcurrency', path='<DVTFilePath:0x60002ca13330:'/Users/mzh/Library/Developer/Xcode/Archives/2024-11-03/expoapp 2024-11-3, 23.03.xcarchive/Products/Applications/expoapp.app/Frameworks/libswift_Concurrency.dylib'>', codeSigningInfo='<_DVTCodeSigningInformation_Path: 0x60002c161450; isSigned='1', isAdHocSigned='0', signingCertificate='<DVTSigningCertificate: 0x60002578b900; name='Apple Development: zhanghua ma (Z9U5U7MRSC)', hash='B3E9B80A458502BAC65E76F7F4A426CE1F874B72', serialNumber='405C13EF9109FFB887352416826D27FA', certificateKinds='(
    "1.2.840.113635.100.6.1.12",
    "1.2.840.113635.100.6.1.2"
), issueDate='2024-01-15 13:31:42 +0000''>', entitlements='(null)', teamID='PS2C43R353', identifier='com.apple.dt.runtime.swiftConcurrency', executablePath='<DVTFilePath:0x60002ca13330:'/Users/mzh/Library/Developer/Xcode/Archives/2024-11-03/expoapp 2024-11-3, 23.03.xcarchive/Products/Applications/expoapp.app/Frameworks/libswift_Concurrency.dylib'>', hardenedRuntime='0'>'>
2024-11-03 15:06:46 +0000  Processing step: IDEDistributionInfoPlistStep
2024-11-03 15:06:46 +0000  Skipping Info.plist step because item: <IDEDistributionItem: 0x60000c7b3300; bundleID='dev.hermesengine.iphoneos', path='<DVTFilePath:0x60002ca10d20:'/Users/mzh/Library/Developer/Xcode/Archives/2024-11-03/expoapp 2024-11-3, 23.03.xcarchive/Products/Applications/expoapp.app/Frameworks/hermes.framework'>', codeSigningInfo='<_DVTCodeSigningInformation_Path: 0x60002c161a90; isSigned='1', isAdHocSigned='0', signingCertificate='<DVTSigningCertificate: 0x60002578b900; name='Apple Development: zhanghua ma (Z9U5U7MRSC)', hash='B3E9B80A458502BAC65E76F7F4A426CE1F874B72', serialNumber='405C13EF9109FFB887352416826D27FA', certificateKinds='(
    "1.2.840.113635.100.6.1.12",
    "1.2.840.113635.100.6.1.2"
), issueDate='2024-01-15 13:31:42 +0000''>', entitlements='(null)', teamID='PS2C43R353', identifier='dev.hermesengine.iphoneos', executablePath='<DVTFilePath:0x60000c69c2a0:'/Users/mzh/Library/Developer/Xcode/Archives/2024-11-03/expoapp 2024-11-3, 23.03.xcarchive/Products/Applications/expoapp.app/Frameworks/hermes.framework/hermes'>', hardenedRuntime='0'>'> is a framework or embedded in a framework.
2024-11-03 15:06:46 +0000  No Info.plist file URL found for item at path "/var/folders/v5/kn5srbfs3zz0ky7wrgv61k240000gn/T/XcodeDistPipeline.~~~QQ7NY2/Root/Payload/expoapp.app/Frameworks/libswift_Concurrency.dylib".
2024-11-03 15:06:46 +0000  Skipping setting DTXcodeBuildDistribution because toolsBuildVersionName was nil.
2024-11-03 15:06:46 +0000  Processing step: IDEDistributionItemRemovalStep
2024-11-03 15:06:46 +0000  Processing step: IDEDistributionAppThinningPlistStep
2024-11-03 15:06:46 +0000  Skipping step: IDEDistributionAppThinningPlistStep because it said so
2024-11-03 15:06:46 +0000  Processing step: IDEDistributionSymbolsStep
2024-11-03 15:06:46 +0000  Writing /var/folders/v5/kn5srbfs3zz0ky7wrgv61k240000gn/T/XcodeDistPipeline.~~~QQ7NY2/Symbols/0EBDE089-C3D6-3835-B181-CD659330498F.symbols
2024-11-03 15:06:46 +0000  Upload Symbols Failed
2024-11-03 15:06:46 +0000  Processing step: IDEDistributionCopyAppleProvidedContentStep
2024-11-03 15:06:46 +0000  Running /usr/bin/ditto '-V' '/Users/mzh/Library/Developer/Xcode/Archives/2024-11-03/expoapp 2024-11-3, 23.03.xcarchive/SwiftSupport' '/var/folders/v5/kn5srbfs3zz0ky7wrgv61k240000gn/T/XcodeDistPipeline.~~~QQ7NY2/Root/SwiftSupport'
2024-11-03 15:06:46 +0000  >>> Copying /Users/mzh/Library/Developer/Xcode/Archives/2024-11-03/expoapp 2024-11-3, 23.03.xcarchive/SwiftSupport 
2024-11-03 15:06:46 +0000  copying file ./iphoneos/libswift_Concurrency.dylib ... 
2024-11-03 15:06:46 +0000  10535446 bytes for ./iphoneos/libswift_Concurrency.dylib
2024-11-03 15:06:46 +0000  /usr/bin/ditto exited with 0
2024-11-03 15:06:46 +0000  Processing step: IDEDistributionAppThinningStep
2024-11-03 15:06:46 +0000  Skipping step: IDEDistributionAppThinningStep because it said so
2024-11-03 15:06:46 +0000  Processing step: IDEDistributionArchThinningStep
2024-11-03 15:06:46 +0000  Item /Users/mzh/Library/Developer/Xcode/Archives/2024-11-03/expoapp 2024-11-3, 23.03.xcarchive/Products/Applications/expoapp.app/Frameworks/hermes.framework doesn't have the entitlement com.apple.developer.web-browser-engine.host enabled, returning ["arm64e"]
2024-11-03 15:06:46 +0000  Archs to thin for item /Users/mzh/Library/Developer/Xcode/Archives/2024-11-03/expoapp 2024-11-3, 23.03.xcarchive/Products/Applications/expoapp.app/Frameworks/hermes.framework are ["arm64e"]
2024-11-03 15:06:46 +0000  Running /Applications/Xcode.app/Contents/Developer/Toolchains/XcodeDefault.xctoolchain/usr/bin/lipo '/var/folders/v5/kn5srbfs3zz0ky7wrgv61k240000gn/T/XcodeDistPipeline.~~~QQ7NY2/Root/Payload/expoapp.app/Frameworks/hermes.framework/hermes' '-verify_arch' 'arm64e'
2024-11-03 15:06:46 +0000  /Applications/Xcode.app/Contents/Developer/Toolchains/XcodeDefault.xctoolchain/usr/bin/lipo exited with 1
2024-11-03 15:06:46 +0000  Skipping architecture thinning for item "hermes" because arch "arm64e" wasn't found
2024-11-03 15:06:46 +0000  Item /Users/mzh/Library/Developer/Xcode/Archives/2024-11-03/expoapp 2024-11-3, 23.03.xcarchive/Products/Applications/expoapp.app/Frameworks/libswift_Concurrency.dylib doesn't have the entitlement com.apple.developer.web-browser-engine.host enabled, returning ["arm64e"]
2024-11-03 15:06:46 +0000  Archs to thin for item /Users/mzh/Library/Developer/Xcode/Archives/2024-11-03/expoapp 2024-11-3, 23.03.xcarchive/Products/Applications/expoapp.app/Frameworks/libswift_Concurrency.dylib are ["arm64e"]
2024-11-03 15:06:46 +0000  Running /Applications/Xcode.app/Contents/Developer/Toolchains/XcodeDefault.xctoolchain/usr/bin/lipo '/var/folders/v5/kn5srbfs3zz0ky7wrgv61k240000gn/T/XcodeDistPipeline.~~~QQ7NY2/Root/Payload/expoapp.app/Frameworks/libswift_Concurrency.dylib' '-verify_arch' 'arm64e'
2024-11-03 15:06:46 +0000  /Applications/Xcode.app/Contents/Developer/Toolchains/XcodeDefault.xctoolchain/usr/bin/lipo exited with 1
2024-11-03 15:06:46 +0000  Skipping architecture thinning for item "libswift_Concurrency.dylib" because arch "arm64e" wasn't found
2024-11-03 15:06:46 +0000  Item /Users/mzh/Library/Developer/Xcode/Archives/2024-11-03/expoapp 2024-11-3, 23.03.xcarchive/Products/Applications/expoapp.app doesn't have the entitlement com.apple.developer.web-browser-engine.host enabled, returning ["arm64e"]
2024-11-03 15:06:46 +0000  Archs to thin for item /Users/mzh/Library/Developer/Xcode/Archives/2024-11-03/expoapp 2024-11-3, 23.03.xcarchive/Products/Applications/expoapp.app are ["arm64e"]
2024-11-03 15:06:46 +0000  Running /Applications/Xcode.app/Contents/Developer/Toolchains/XcodeDefault.xctoolchain/usr/bin/lipo '/var/folders/v5/kn5srbfs3zz0ky7wrgv61k240000gn/T/XcodeDistPipeline.~~~QQ7NY2/Root/Payload/expoapp.app/expoapp' '-verify_arch' 'arm64e'
2024-11-03 15:06:46 +0000  /Applications/Xcode.app/Contents/Developer/Toolchains/XcodeDefault.xctoolchain/usr/bin/lipo exited with 1
2024-11-03 15:06:46 +0000  Skipping architecture thinning for item "expoapp" because arch "arm64e" wasn't found
2024-11-03 15:06:46 +0000  Processing step: IDEDistributionODRStep
2024-11-03 15:06:46 +0000  Processing step: IDEDistributionStripXattrsStep
2024-11-03 15:06:46 +0000  Skipping stripping extended attributes because the codesign step will strip them.
2024-11-03 15:06:46 +0000  Skipping stripping extended attributes because the codesign step will strip them.
2024-11-03 15:06:46 +0000  Skipping stripping extended attributes because the codesign step will strip them.
2024-11-03 15:06:46 +0000  Processing step: IDEDistributionCodesignStep
2024-11-03 15:06:46 +0000  Entitlements for <IDEDistributionItem: 0x60000c7b3300; bundleID='dev.hermesengine.iphoneos', path='<DVTFilePath:0x60002ca10d20:'/Users/mzh/Library/Developer/Xcode/Archives/2024-11-03/expoapp 2024-11-3, 23.03.xcarchive/Products/Applications/expoapp.app/Frameworks/hermes.framework'>', codeSigningInfo='<_DVTCodeSigningInformation_Path: 0x60002c161a90; isSigned='1', isAdHocSigned='0', signingCertificate='<DVTSigningCertificate: 0x6000257a4000; name='Apple Development: zhanghua ma (Z9U5U7MRSC)', hash='B3E9B80A458502BAC65E76F7F4A426CE1F874B72', serialNumber='405C13EF9109FFB887352416826D27FA', certificateKinds='(
    "1.2.840.113635.100.6.1.12",
    "1.2.840.113635.100.6.1.2"
), issueDate='2024-01-15 13:31:42 +0000''>', entitlements='(null)', teamID='PS2C43R353', identifier='dev.hermesengine.iphoneos', executablePath='<DVTFilePath:0x60000c69c2a0:'/Users/mzh/Library/Developer/Xcode/Archives/2024-11-03/expoapp 2024-11-3, 23.03.xcarchive/Products/Applications/expoapp.app/Frameworks/hermes.framework/hermes'>', hardenedRuntime='0'>'>: {
}
2024-11-03 15:06:46 +0000  Associated App Clip Identifiers Filter: Skipping because "com.apple.developer.associated-appclip-app-identifiers" is not present
2024-11-03 15:06:46 +0000  Entitlements for <IDEDistributionItem: 0x60000c7b3300; bundleID='dev.hermesengine.iphoneos', path='<DVTFilePath:0x60002ca10d20:'/Users/mzh/Library/Developer/Xcode/Archives/2024-11-03/expoapp 2024-11-3, 23.03.xcarchive/Products/Applications/expoapp.app/Frameworks/hermes.framework'>', codeSigningInfo='<_DVTCodeSigningInformation_Path: 0x60002c161a90; isSigned='1', isAdHocSigned='0', signingCertificate='<DVTSigningCertificate: 0x6000257a40c0; name='Apple Development: zhanghua ma (Z9U5U7MRSC)', hash='B3E9B80A458502BAC65E76F7F4A426CE1F874B72', serialNumber='405C13EF9109FFB887352416826D27FA', certificateKinds='(
    "1.2.840.113635.100.6.1.12",
    "1.2.840.113635.100.6.1.2"
), issueDate='2024-01-15 13:31:42 +0000''>', entitlements='(null)', teamID='PS2C43R353', identifier='dev.hermesengine.iphoneos', executablePath='<DVTFilePath:0x60000c69c2a0:'/Users/mzh/Library/Developer/Xcode/Archives/2024-11-03/expoapp 2024-11-3, 23.03.xcarchive/Products/Applications/expoapp.app/Frameworks/hermes.framework/hermes'>', hardenedRuntime='0'>'> are: {
}
2024-11-03 15:06:46 +0000  Writing entitlements for <IDEDistributionItem: 0x60000c7b3300; bundleID='dev.hermesengine.iphoneos', path='<DVTFilePath:0x60002ca10d20:'/Users/mzh/Library/Developer/Xcode/Archives/2024-11-03/expoapp 2024-11-3, 23.03.xcarchive/Products/Applications/expoapp.app/Frameworks/hermes.framework'>', codeSigningInfo='<_DVTCodeSigningInformation_Path: 0x60002c161a90; isSigned='1', isAdHocSigned='0', signingCertificate='<DVTSigningCertificate: 0x6000257a4180; name='Apple Development: zhanghua ma (Z9U5U7MRSC)', hash='B3E9B80A458502BAC65E76F7F4A426CE1F874B72', serialNumber='405C13EF9109FFB887352416826D27FA', certificateKinds='(
    "1.2.840.113635.100.6.1.12",
    "1.2.840.113635.100.6.1.2"
), issueDate='2024-01-15 13:31:42 +0000''>', entitlements='(null)', teamID='PS2C43R353', identifier='dev.hermesengine.iphoneos', executablePath='<DVTFilePath:0x60000c69c2a0:'/Users/mzh/Library/Developer/Xcode/Archives/2024-11-03/expoapp 2024-11-3, 23.03.xcarchive/Products/Applications/expoapp.app/Frameworks/hermes.framework/hermes'>', hardenedRuntime='0'>'> to: /var/folders/v5/kn5srbfs3zz0ky7wrgv61k240000gn/T/XcodeDistPipeline.~~~QQ7NY2/entitlements~~~ocXKTi
2024-11-03 15:06:46 +0000  invoking codesign: <NSConcreteTask: 0x60002c168780; launchPath='/usr/bin/codesign', arguments='(
    "-f",
    "-s",
    8020CF6595FD4B07A40A36C305D89604322915B0,
    "--entitlements",
    "/var/folders/v5/kn5srbfs3zz0ky7wrgv61k240000gn/T/XcodeDistPipeline.~~~QQ7NY2/entitlements~~~ocXKTi",
    "--preserve-metadata=identifier,flags,runtime",
    "--generate-entitlement-der",
    "--strip-disallowed-xattrs",
    "-vvv",
    "/var/folders/v5/kn5srbfs3zz0ky7wrgv61k240000gn/T/XcodeDistPipeline.~~~QQ7NY2/Root/Payload/expoapp.app/Frameworks/hermes.framework"
)'>
2024-11-03 15:06:47 +0000  codesign output: /var/folders/v5/kn5srbfs3zz0ky7wrgv61k240000gn/T/XcodeDistPipeline.~~~QQ7NY2/Root/Payload/expoapp.app/Frameworks/hermes.framework: replacing existing signature
/var/folders/v5/kn5srbfs3zz0ky7wrgv61k240000gn/T/XcodeDistPipeline.~~~QQ7NY2/Root/Payload/expoapp.app/Frameworks/hermes.framework: signed bundle with Mach-O thin (arm64) [dev.hermesengine.iphoneos]
2024-11-03 15:06:47 +0000  Entitlements for <IDEDistributionItem: 0x600024763660; bundleID='com.apple.dt.runtime.swiftConcurrency', path='<DVTFilePath:0x60002ca13330:'/Users/mzh/Library/Developer/Xcode/Archives/2024-11-03/expoapp 2024-11-3, 23.03.xcarchive/Products/Applications/expoapp.app/Frameworks/libswift_Concurrency.dylib'>', codeSigningInfo='<_DVTCodeSigningInformation_Path: 0x60002c161450; isSigned='1', isAdHocSigned='0', signingCertificate='<DVTSigningCertificate: 0x600025798540; name='Apple Development: zhanghua ma (Z9U5U7MRSC)', hash='B3E9B80A458502BAC65E76F7F4A426CE1F874B72', serialNumber='405C13EF9109FFB887352416826D27FA', certificateKinds='(
    "1.2.840.113635.100.6.1.12",
    "1.2.840.113635.100.6.1.2"
), issueDate='2024-01-15 13:31:42 +0000''>', entitlements='(null)', teamID='PS2C43R353', identifier='com.apple.dt.runtime.swiftConcurrency', executablePath='<DVTFilePath:0x60002ca13330:'/Users/mzh/Library/Developer/Xcode/Archives/2024-11-03/expoapp 2024-11-3, 23.03.xcarchive/Products/Applications/expoapp.app/Frameworks/libswift_Concurrency.dylib'>', hardenedRuntime='0'>'>: {
}
2024-11-03 15:06:47 +0000  Associated App Clip Identifiers Filter: Skipping because "com.apple.developer.associated-appclip-app-identifiers" is not present
2024-11-03 15:06:47 +0000  Entitlements for <IDEDistributionItem: 0x600024763660; bundleID='com.apple.dt.runtime.swiftConcurrency', path='<DVTFilePath:0x60002ca13330:'/Users/mzh/Library/Developer/Xcode/Archives/2024-11-03/expoapp 2024-11-3, 23.03.xcarchive/Products/Applications/expoapp.app/Frameworks/libswift_Concurrency.dylib'>', codeSigningInfo='<_DVTCodeSigningInformation_Path: 0x60002c161450; isSigned='1', isAdHocSigned='0', signingCertificate='<DVTSigningCertificate: 0x60002579a400; name='Apple Development: zhanghua ma (Z9U5U7MRSC)', hash='B3E9B80A458502BAC65E76F7F4A426CE1F874B72', serialNumber='405C13EF9109FFB887352416826D27FA', certificateKinds='(
    "1.2.840.113635.100.6.1.12",
    "1.2.840.113635.100.6.1.2"
), issueDate='2024-01-15 13:31:42 +0000''>', entitlements='(null)', teamID='PS2C43R353', identifier='com.apple.dt.runtime.swiftConcurrency', executablePath='<DVTFilePath:0x60002ca13330:'/Users/mzh/Library/Developer/Xcode/Archives/2024-11-03/expoapp 2024-11-3, 23.03.xcarchive/Products/Applications/expoapp.app/Frameworks/libswift_Concurrency.dylib'>', hardenedRuntime='0'>'> are: {
}
2024-11-03 15:06:47 +0000  Writing entitlements for <IDEDistributionItem: 0x600024763660; bundleID='com.apple.dt.runtime.swiftConcurrency', path='<DVTFilePath:0x60002ca13330:'/Users/mzh/Library/Developer/Xcode/Archives/2024-11-03/expoapp 2024-11-3, 23.03.xcarchive/Products/Applications/expoapp.app/Frameworks/libswift_Concurrency.dylib'>', codeSigningInfo='<_DVTCodeSigningInformation_Path: 0x60002c161450; isSigned='1', isAdHocSigned='0', signingCertificate='<DVTSigningCertificate: 0x6000257a4000; name='Apple Development: zhanghua ma (Z9U5U7MRSC)', hash='B3E9B80A458502BAC65E76F7F4A426CE1F874B72', serialNumber='405C13EF9109FFB887352416826D27FA', certificateKinds='(
    "1.2.840.113635.100.6.1.12",
    "1.2.840.113635.100.6.1.2"
), issueDate='2024-01-15 13:31:42 +0000''>', entitlements='(null)', teamID='PS2C43R353', identifier='com.apple.dt.runtime.swiftConcurrency', executablePath='<DVTFilePath:0x60002ca13330:'/Users/mzh/Library/Developer/Xcode/Archives/2024-11-03/expoapp 2024-11-3, 23.03.xcarchive/Products/Applications/expoapp.app/Frameworks/libswift_Concurrency.dylib'>', hardenedRuntime='0'>'> to: /var/folders/v5/kn5srbfs3zz0ky7wrgv61k240000gn/T/XcodeDistPipeline.~~~QQ7NY2/entitlements~~~fcRWjA
2024-11-03 15:06:47 +0000  invoking codesign: <NSConcreteTask: 0x6000243a79d0; launchPath='/usr/bin/codesign', arguments='(
    "-f",
    "-s",
    8020CF6595FD4B07A40A36C305D89604322915B0,
    "--entitlements",
    "/var/folders/v5/kn5srbfs3zz0ky7wrgv61k240000gn/T/XcodeDistPipeline.~~~QQ7NY2/entitlements~~~fcRWjA",
    "--preserve-metadata=identifier,flags,runtime",
    "--generate-entitlement-der",
    "--strip-disallowed-xattrs",
    "-vvv",
    "/var/folders/v5/kn5srbfs3zz0ky7wrgv61k240000gn/T/XcodeDistPipeline.~~~QQ7NY2/Root/Payload/expoapp.app/Frameworks/libswift_Concurrency.dylib"
)'>
2024-11-03 15:06:47 +0000  codesign output: /var/folders/v5/kn5srbfs3zz0ky7wrgv61k240000gn/T/XcodeDistPipeline.~~~QQ7NY2/Root/Payload/expoapp.app/Frameworks/libswift_Concurrency.dylib: replacing existing signature
/var/folders/v5/kn5srbfs3zz0ky7wrgv61k240000gn/T/XcodeDistPipeline.~~~QQ7NY2/Root/Payload/expoapp.app/Frameworks/libswift_Concurrency.dylib: signed Mach-O thin (arm64) [com.apple.dt.runtime.swiftConcurrency]
2024-11-03 15:06:47 +0000  Entitlements for <IDEDistributionItem: 0x60002470e8e0; bundleID='com.mazhanghua.app', path='<DVTFilePath:0x6000088b0060:'/Users/mzh/Library/Developer/Xcode/Archives/2024-11-03/expoapp 2024-11-3, 23.03.xcarchive/Products/Applications/expoapp.app'>', codeSigningInfo='<_DVTCodeSigningInformation_Path: 0x600024277e80; isSigned='1', isAdHocSigned='0', signingCertificate='<DVTSigningCertificate: 0x60002579a400; name='Apple Development: zhanghua ma (Z9U5U7MRSC)', hash='B3E9B80A458502BAC65E76F7F4A426CE1F874B72', serialNumber='405C13EF9109FFB887352416826D27FA', certificateKinds='(
    "1.2.840.113635.100.6.1.12",
    "1.2.840.113635.100.6.1.2"
), issueDate='2024-01-15 13:31:42 +0000''>', entitlements='{
    "application-identifier" = "PS2C43R353.com.mazhanghua.app";
    "com.apple.developer.team-identifier" = PS2C43R353;
    "get-task-allow" = 1;
}', teamID='PS2C43R353', identifier='com.mazhanghua.app', executablePath='<DVTFilePath:0x60000c69d8c0:'/Users/mzh/Library/Developer/Xcode/Archives/2024-11-03/expoapp 2024-11-3, 23.03.xcarchive/Products/Applications/expoapp.app/expoapp'>', hardenedRuntime='0'>'>: {
    "application-identifier" = "PS2C43R353.com.mazhanghua.app";
    "beta-reports-active" = 1;
    "com.apple.developer.team-identifier" = PS2C43R353;
    "get-task-allow" = 0;
}
2024-11-03 15:06:47 +0000  Associated App Clip Identifiers Filter: Skipping because "com.apple.developer.associated-appclip-app-identifiers" is not present
2024-11-03 15:06:47 +0000  Entitlements for <IDEDistributionItem: 0x60002470e8e0; bundleID='com.mazhanghua.app', path='<DVTFilePath:0x6000088b0060:'/Users/mzh/Library/Developer/Xcode/Archives/2024-11-03/expoapp 2024-11-3, 23.03.xcarchive/Products/Applications/expoapp.app'>', codeSigningInfo='<_DVTCodeSigningInformation_Path: 0x600024277e80; isSigned='1', isAdHocSigned='0', signingCertificate='<DVTSigningCertificate: 0x6000257a00c0; name='Apple Development: zhanghua ma (Z9U5U7MRSC)', hash='B3E9B80A458502BAC65E76F7F4A426CE1F874B72', serialNumber='405C13EF9109FFB887352416826D27FA', certificateKinds='(
    "1.2.840.113635.100.6.1.12",
    "1.2.840.113635.100.6.1.2"
), issueDate='2024-01-15 13:31:42 +0000''>', entitlements='{
    "application-identifier" = "PS2C43R353.com.mazhanghua.app";
    "com.apple.developer.team-identifier" = PS2C43R353;
    "get-task-allow" = 1;
}', teamID='PS2C43R353', identifier='com.mazhanghua.app', executablePath='<DVTFilePath:0x60000c69d8c0:'/Users/mzh/Library/Developer/Xcode/Archives/2024-11-03/expoapp 2024-11-3, 23.03.xcarchive/Products/Applications/expoapp.app/expoapp'>', hardenedRuntime='0'>'> are: {
    "application-identifier" = "PS2C43R353.com.mazhanghua.app";
    "beta-reports-active" = 1;
    "com.apple.developer.team-identifier" = PS2C43R353;
    "get-task-allow" = 0;
}
2024-11-03 15:06:47 +0000  Writing entitlements for <IDEDistributionItem: 0x60002470e8e0; bundleID='com.mazhanghua.app', path='<DVTFilePath:0x6000088b0060:'/Users/mzh/Library/Developer/Xcode/Archives/2024-11-03/expoapp 2024-11-3, 23.03.xcarchive/Products/Applications/expoapp.app'>', codeSigningInfo='<_DVTCodeSigningInformation_Path: 0x600024277e80; isSigned='1', isAdHocSigned='0', signingCertificate='<DVTSigningCertificate: 0x6000257a40c0; name='Apple Development: zhanghua ma (Z9U5U7MRSC)', hash='B3E9B80A458502BAC65E76F7F4A426CE1F874B72', serialNumber='405C13EF9109FFB887352416826D27FA', certificateKinds='(
    "1.2.840.113635.100.6.1.12",
    "1.2.840.113635.100.6.1.2"
), issueDate='2024-01-15 13:31:42 +0000''>', entitlements='{
    "application-identifier" = "PS2C43R353.com.mazhanghua.app";
    "com.apple.developer.team-identifier" = PS2C43R353;
    "get-task-allow" = 1;
}', teamID='PS2C43R353', identifier='com.mazhanghua.app', executablePath='<DVTFilePath:0x60000c69d8c0:'/Users/mzh/Library/Developer/Xcode/Archives/2024-11-03/expoapp 2024-11-3, 23.03.xcarchive/Products/Applications/expoapp.app/expoapp'>', hardenedRuntime='0'>'> to: /var/folders/v5/kn5srbfs3zz0ky7wrgv61k240000gn/T/XcodeDistPipeline.~~~QQ7NY2/entitlements~~~f3q1hA
2024-11-03 15:06:47 +0000  invoking codesign: <NSConcreteTask: 0x6000243a7890; launchPath='/usr/bin/codesign', arguments='(
    "-f",
    "-s",
    8020CF6595FD4B07A40A36C305D89604322915B0,
    "--entitlements",
    "/var/folders/v5/kn5srbfs3zz0ky7wrgv61k240000gn/T/XcodeDistPipeline.~~~QQ7NY2/entitlements~~~f3q1hA",
    "--preserve-metadata=identifier,flags,runtime",
    "--generate-entitlement-der",
    "--strip-disallowed-xattrs",
    "-vvv",
    "/var/folders/v5/kn5srbfs3zz0ky7wrgv61k240000gn/T/XcodeDistPipeline.~~~QQ7NY2/Root/Payload/expoapp.app"
)'>
2024-11-03 15:06:47 +0000  codesign output: /var/folders/v5/kn5srbfs3zz0ky7wrgv61k240000gn/T/XcodeDistPipeline.~~~QQ7NY2/Root/Payload/expoapp.app: replacing existing signature
/var/folders/v5/kn5srbfs3zz0ky7wrgv61k240000gn/T/XcodeDistPipeline.~~~QQ7NY2/Root/Payload/expoapp.app: signed app bundle with Mach-O thin (arm64) [com.mazhanghua.app]
2024-11-03 15:06:47 +0000  Processing step: IDEDistributionZipODRItemStep
2024-11-03 15:06:47 +0000  Skipping step: IDEDistributionZipODRItemStep because it said so
2024-11-03 15:06:47 +0000  Skipping step: IDEDistributionZipODRItemStep because it said so
2024-11-03 15:06:47 +0000  Skipping step: IDEDistributionZipODRItemStep because it said so
2024-11-03 15:06:47 +0000  Processing step: IDEDistributionCreateIPAStep
2024-11-03 15:06:47 +0000  Running /usr/bin/rsync '-8aPhhE' '/var/folders/v5/kn5srbfs3zz0ky7wrgv61k240000gn/T/XcodeDistPipeline.~~~QQ7NY2/Symbols' '--link-dest' '/var/folders/v5/kn5srbfs3zz0ky7wrgv61k240000gn/T/XcodeDistPipeline.~~~QQ7NY2' '/var/folders/v5/kn5srbfs3zz0ky7wrgv61k240000gn/T/XcodeDistPipeline.~~~QQ7NY2/Root'
2024-11-03 15:06:47 +0000  building file list ... 
2024-11-03 15:06:47 +0000   0 files...2024-11-03 15:06:47 +0000  2 files to consider
2024-11-03 15:06:47 +0000  Symbols/
2024-11-03 15:06:47 +0000  
sent 140 bytes  received 26 bytes  332.00 bytes/sec
total size is 23.69M  speedup is 149613.57
2024-11-03 15:06:47 +0000  /usr/bin/rsync exited with 0
2024-11-03 15:06:47 +0000  Running /usr/bin/ditto '-V' '-c' '-k' '--norsrc' '/var/folders/v5/kn5srbfs3zz0ky7wrgv61k240000gn/T/XcodeDistPipeline.~~~QQ7NY2/Root' '/var/folders/v5/kn5srbfs3zz0ky7wrgv61k240000gn/T/XcodeDistPipeline.~~~QQ7NY2/Packages/expoapp.ipa'
2024-11-03 15:06:47 +0000  >>> Copying /var/folders/v5/kn5srbfs3zz0ky7wrgv61k240000gn/T/XcodeDistPipeline.~~~QQ7NY2/Root 
2024-11-03 15:06:47 +0000  copying file ./Payload/expoapp.app/_CodeSignature/CodeResources ... 
2024-11-03 15:06:47 +0000  41014 bytes for ./Payload/expoapp.app/_CodeSignature/CodeResources
2024-11-03 15:06:47 +0000  copying file ./Payload/expoapp.app/SplashScreen.storyboardc/EXPO-VIEWCONTROLLER-1-view-EXPO-ContainerView.nib ... 
2024-11-03 15:06:47 +0000  2411 bytes for ./Payload/expoapp.app/SplashScreen.storyboardc/EXPO-VIEWCONTROLLER-1-view-EXPO-ContainerView.nib
2024-11-03 15:06:47 +0000  copying file ./Payload/expoapp.app/SplashScreen.storyboardc/SplashScreenViewController.nib ... 
2024-11-03 15:06:47 +0000  1004 bytes for ./Payload/expoapp.app/SplashScreen.storyboardc/SplashScreenViewController.nib
2024-11-03 15:06:47 +0000  copying file ./Payload/expoapp.app/SplashScreen.storyboardc/Info.plist ... 
2024-11-03 15:06:47 +0000  225 bytes for ./Payload/expoapp.app/SplashScreen.storyboardc/Info.plist
2024-11-03 15:06:47 +0000  copying file ./Payload/expoapp.app/ExpoSystemUI_privacy.bundle/PrivacyInfo.xcprivacy ... 
2024-11-03 15:06:47 +0000  607 bytes for ./Payload/expoapp.app/ExpoSystemUI_privacy.bundle/PrivacyInfo.xcprivacy
copying file ./Payload/expoapp.app/ExpoSystemUI_privacy.bundle/Info.plist ... 
2024-11-03 15:06:47 +0000  789 bytes for ./Payload/expoapp.app/ExpoSystemUI_privacy.bundle/Info.plist
2024-11-03 15:06:47 +0000  copying file ./Payload/expoapp.app/AppIcon60x60@2x.png ... 
2024-11-03 15:06:47 +0000  7256 bytes for ./Payload/expoapp.app/AppIcon60x60@2x.png
2024-11-03 15:06:47 +0000  copying file ./Payload/expoapp.app/ExpoConstants_privacy.bundle/PrivacyInfo.xcprivacy ... 
2024-11-03 15:06:47 +0000  607 bytes for ./Payload/expoapp.app/ExpoConstants_privacy.bundle/PrivacyInfo.xcprivacy
2024-11-03 15:06:47 +0000  copying file ./Payload/expoapp.app/ExpoConstants_privacy.bundle/Info.plist ... 
2024-11-03 15:06:47 +0000  792 bytes for ./Payload/expoapp.app/ExpoConstants_privacy.bundle/Info.plist
2024-11-03 15:06:47 +0000  copying file ./Payload/expoapp.app/expoapp ... 
2024-11-03 15:06:47 +0000  6083760 bytes for ./Payload/expoapp.app/expoapp
2024-11-03 15:06:47 +0000  copying file ./Payload/expoapp.app/Assets.car ... 
2024-11-03 15:06:47 +0000  156655 bytes for ./Payload/expoapp.app/Assets.car
2024-11-03 15:06:47 +0000  copying file ./Payload/expoapp.app/AppIcon76x76@2x~ipad.png ... 
2024-11-03 15:06:47 +0000  9233 bytes for ./Payload/expoapp.app/AppIcon76x76@2x~ipad.png
2024-11-03 15:06:47 +0000  copying file ./Payload/expoapp.app/main.jsbundle ... 
2024-11-03 15:06:47 +0000  2884590 bytes for ./Payload/expoapp.app/main.jsbundle
2024-11-03 15:06:47 +0000  copying file ./Payload/expoapp.app/EXConstants.bundle/app.config ... 
714 bytes for ./Payload/expoapp.app/EXConstants.bundle/app.config
2024-11-03 15:06:47 +0000  copying file ./Payload/expoapp.app/EXConstants.bundle/Info.plist ... 
2024-11-03 15:06:47 +0000  770 bytes for ./Payload/expoapp.app/EXConstants.bundle/Info.plist
2024-11-03 15:06:47 +0000  copying file ./Payload/expoapp.app/RCTI18nStrings.bundle/de.lproj/Localizable.strings ... 
2024-11-03 15:06:47 +0000  64 bytes for ./Payload/expoapp.app/RCTI18nStrings.bundle/de.lproj/Localizable.strings
copying file ./Payload/expoapp.app/RCTI18nStrings.bundle/de.lproj/fbt_language_pack.bin ... 
2024-11-03 15:06:47 +0000  1312 bytes for ./Payload/expoapp.app/RCTI18nStrings.bundle/de.lproj/fbt_language_pack.bin
2024-11-03 15:06:47 +0000  copying file ./Payload/expoapp.app/RCTI18nStrings.bundle/he.lproj/Localizable.strings ... 
64 bytes for ./Payload/expoapp.app/RCTI18nStrings.bundle/he.lproj/Localizable.strings
2024-11-03 15:06:47 +0000  copying file ./Payload/expoapp.app/RCTI18nStrings.bundle/he.lproj/fbt_language_pack.bin ... 
2024-11-03 15:06:47 +0000  1444 bytes for ./Payload/expoapp.app/RCTI18nStrings.bundle/he.lproj/fbt_language_pack.bin
2024-11-03 15:06:47 +0000  copying file ./Payload/expoapp.app/RCTI18nStrings.bundle/ar.lproj/Localizable.strings ... 
64 bytes for ./Payload/expoapp.app/RCTI18nStrings.bundle/ar.lproj/Localizable.strings
copying file ./Payload/expoapp.app/RCTI18nStrings.bundle/ar.lproj/fbt_language_pack.bin ... 
2024-11-03 15:06:47 +0000  1500 bytes for ./Payload/expoapp.app/RCTI18nStrings.bundle/ar.lproj/fbt_language_pack.bin
2024-11-03 15:06:47 +0000  copying file ./Payload/expoapp.app/RCTI18nStrings.bundle/el.lproj/Localizable.strings ... 
2024-11-03 15:06:47 +0000  64 bytes for ./Payload/expoapp.app/RCTI18nStrings.bundle/el.lproj/Localizable.strings
copying file ./Payload/expoapp.app/RCTI18nStrings.bundle/el.lproj/fbt_language_pack.bin ... 
2024-11-03 15:06:47 +0000  1600 bytes for ./Payload/expoapp.app/RCTI18nStrings.bundle/el.lproj/fbt_language_pack.bin
2024-11-03 15:06:47 +0000  copying file ./Payload/expoapp.app/RCTI18nStrings.bundle/zh-Hans.lproj/Localizable.strings ... 
2024-11-03 15:06:47 +0000  64 bytes for ./Payload/expoapp.app/RCTI18nStrings.bundle/zh-Hans.lproj/Localizable.strings
copying file ./Payload/expoapp.app/RCTI18nStrings.bundle/zh-Hans.lproj/fbt_language_pack.bin ... 
2024-11-03 15:06:47 +0000  1296 bytes for ./Payload/expoapp.app/RCTI18nStrings.bundle/zh-Hans.lproj/fbt_language_pack.bin
2024-11-03 15:06:47 +0000  copying file ./Payload/expoapp.app/RCTI18nStrings.bundle/ja.lproj/Localizable.strings ... 
64 bytes for ./Payload/expoapp.app/RCTI18nStrings.bundle/ja.lproj/Localizable.strings
2024-11-03 15:06:47 +0000  copying file ./Payload/expoapp.app/RCTI18nStrings.bundle/ja.lproj/fbt_language_pack.bin ... 
2024-11-03 15:06:47 +0000  1436 bytes for ./Payload/expoapp.app/RCTI18nStrings.bundle/ja.lproj/fbt_language_pack.bin
copying file ./Payload/expoapp.app/RCTI18nStrings.bundle/en.lproj/Localizable.strings ... 
64 bytes for ./Payload/expoapp.app/RCTI18nStrings.bundle/en.lproj/Localizable.strings
2024-11-03 15:06:47 +0000  copying file ./Payload/expoapp.app/RCTI18nStrings.bundle/zh-Hant-HK.lproj/Localizable.strings ... 
64 bytes for ./Payload/expoapp.app/RCTI18nStrings.bundle/zh-Hant-HK.lproj/Localizable.strings
2024-11-03 15:06:47 +0000  copying file ./Payload/expoapp.app/RCTI18nStrings.bundle/zh-Hant-HK.lproj/fbt_language_pack.bin ... 
2024-11-03 15:06:47 +0000  1296 bytes for ./Payload/expoapp.app/RCTI18nStrings.bundle/zh-Hant-HK.lproj/fbt_language_pack.bin
2024-11-03 15:06:47 +0000  copying file ./Payload/expoapp.app/RCTI18nStrings.bundle/uk.lproj/Localizable.strings ... 
64 bytes for ./Payload/expoapp.app/RCTI18nStrings.bundle/uk.lproj/Localizable.strings
copying file ./Payload/expoapp.app/RCTI18nStrings.bundle/uk.lproj/fbt_language_pack.bin ... 
2024-11-03 15:06:47 +0000  1564 bytes for ./Payload/expoapp.app/RCTI18nStrings.bundle/uk.lproj/fbt_language_pack.bin
2024-11-03 15:06:47 +0000  copying file ./Payload/expoapp.app/RCTI18nStrings.bundle/nb.lproj/Localizable.strings ... 
2024-11-03 15:06:47 +0000  64 bytes for ./Payload/expoapp.app/RCTI18nStrings.bundle/nb.lproj/Localizable.strings
copying file ./Payload/expoapp.app/RCTI18nStrings.bundle/nb.lproj/fbt_language_pack.bin ... 
2024-11-03 15:06:47 +0000  1296 bytes for ./Payload/expoapp.app/RCTI18nStrings.bundle/nb.lproj/fbt_language_pack.bin
2024-11-03 15:06:47 +0000  copying file ./Payload/expoapp.app/RCTI18nStrings.bundle/en-GB.lproj/Localizable.strings ... 
2024-11-03 15:06:47 +0000  64 bytes for ./Payload/expoapp.app/RCTI18nStrings.bundle/en-GB.lproj/Localizable.strings
2024-11-03 15:06:47 +0000  copying file ./Payload/expoapp.app/RCTI18nStrings.bundle/en-GB.lproj/fbt_language_pack.bin ... 
2024-11-03 15:06:47 +0000  1268 bytes for ./Payload/expoapp.app/RCTI18nStrings.bundle/en-GB.lproj/fbt_language_pack.bin
2024-11-03 15:06:47 +0000  copying file ./Payload/expoapp.app/RCTI18nStrings.bundle/es.lproj/Localizable.strings ... 
2024-11-03 15:06:47 +0000  64 bytes for ./Payload/expoapp.app/RCTI18nStrings.bundle/es.lproj/Localizable.strings
2024-11-03 15:06:47 +0000  copying file ./Payload/expoapp.app/RCTI18nStrings.bundle/es.lproj/fbt_language_pack.bin ... 
2024-11-03 15:06:47 +0000  1364 bytes for ./Payload/expoapp.app/RCTI18nStrings.bundle/es.lproj/fbt_language_pack.bin
2024-11-03 15:06:47 +0000  copying file ./Payload/expoapp.app/RCTI18nStrings.bundle/da.lproj/Localizable.strings ... 
2024-11-03 15:06:47 +0000  64 bytes for ./Payload/expoapp.app/RCTI18nStrings.bundle/da.lproj/Localizable.strings
2024-11-03 15:06:47 +0000  copying file ./Payload/expoapp.app/RCTI18nStrings.bundle/da.lproj/fbt_language_pack.bin ... 
2024-11-03 15:06:47 +0000  1300 bytes for ./Payload/expoapp.app/RCTI18nStrings.bundle/da.lproj/fbt_language_pack.bin
2024-11-03 15:06:47 +0000  copying file ./Payload/expoapp.app/RCTI18nStrings.bundle/it.lproj/Localizable.strings ... 
2024-11-03 15:06:47 +0000  64 bytes for ./Payload/expoapp.app/RCTI18nStrings.bundle/it.lproj/Localizable.strings
2024-11-03 15:06:47 +0000  copying file ./Payload/expoapp.app/RCTI18nStrings.bundle/it.lproj/fbt_language_pack.bin ... 
2024-11-03 15:06:47 +0000  1388 bytes for ./Payload/expoapp.app/RCTI18nStrings.bundle/it.lproj/fbt_language_pack.bin
2024-11-03 15:06:47 +0000  copying file ./Payload/expoapp.app/RCTI18nStrings.bundle/sk.lproj/Localizable.strings ... 
2024-11-03 15:06:47 +0000  64 bytes for ./Payload/expoapp.app/RCTI18nStrings.bundle/sk.lproj/Localizable.strings
2024-11-03 15:06:47 +0000  copying file ./Payload/expoapp.app/RCTI18nStrings.bundle/sk.lproj/fbt_language_pack.bin ... 
2024-11-03 15:06:47 +0000  1356 bytes for ./Payload/expoapp.app/RCTI18nStrings.bundle/sk.lproj/fbt_language_pack.bin
2024-11-03 15:06:47 +0000  copying file ./Payload/expoapp.app/RCTI18nStrings.bundle/es-ES.lproj/Localizable.strings ... 
2024-11-03 15:06:47 +0000  64 bytes for ./Payload/expoapp.app/RCTI18nStrings.bundle/es-ES.lproj/Localizable.strings
copying file ./Payload/expoapp.app/RCTI18nStrings.bundle/es-ES.lproj/fbt_language_pack.bin ... 
2024-11-03 15:06:47 +0000  1368 bytes for ./Payload/expoapp.app/RCTI18nStrings.bundle/es-ES.lproj/fbt_language_pack.bin
2024-11-03 15:06:47 +0000  copying file ./Payload/expoapp.app/RCTI18nStrings.bundle/ms.lproj/Localizable.strings ... 
2024-11-03 15:06:47 +0000  64 bytes for ./Payload/expoapp.app/RCTI18nStrings.bundle/ms.lproj/Localizable.strings
2024-11-03 15:06:47 +0000  copying file ./Payload/expoapp.app/RCTI18nStrings.bundle/ms.lproj/fbt_language_pack.bin ... 
2024-11-03 15:06:47 +0000  1292 bytes for ./Payload/expoapp.app/RCTI18nStrings.bundle/ms.lproj/fbt_language_pack.bin
2024-11-03 15:06:47 +0000  copying file ./Payload/expoapp.app/RCTI18nStrings.bundle/sv.lproj/Localizable.strings ... 
2024-11-03 15:06:47 +0000  64 bytes for ./Payload/expoapp.app/RCTI18nStrings.bundle/sv.lproj/Localizable.strings
2024-11-03 15:06:47 +0000  copying file ./Payload/expoapp.app/RCTI18nStrings.bundle/sv.lproj/fbt_language_pack.bin ... 
2024-11-03 15:06:47 +0000  1300 bytes for ./Payload/expoapp.app/RCTI18nStrings.bundle/sv.lproj/fbt_language_pack.bin
2024-11-03 15:06:47 +0000  copying file ./Payload/expoapp.app/RCTI18nStrings.bundle/cs.lproj/Localizable.strings ... 
2024-11-03 15:06:47 +0000  64 bytes for ./Payload/expoapp.app/RCTI18nStrings.bundle/cs.lproj/Localizable.strings
2024-11-03 15:06:47 +0000  copying file ./Payload/expoapp.app/RCTI18nStrings.bundle/cs.lproj/fbt_language_pack.bin ... 
2024-11-03 15:06:47 +0000  1368 bytes for ./Payload/expoapp.app/RCTI18nStrings.bundle/cs.lproj/fbt_language_pack.bin
2024-11-03 15:06:47 +0000  copying file ./Payload/expoapp.app/RCTI18nStrings.bundle/ko.lproj/Localizable.strings ... 
2024-11-03 15:06:47 +0000  64 bytes for ./Payload/expoapp.app/RCTI18nStrings.bundle/ko.lproj/Localizable.strings
2024-11-03 15:06:47 +0000  copying file ./Payload/expoapp.app/RCTI18nStrings.bundle/ko.lproj/fbt_language_pack.bin ... 
2024-11-03 15:06:47 +0000  1332 bytes for ./Payload/expoapp.app/RCTI18nStrings.bundle/ko.lproj/fbt_language_pack.bin
2024-11-03 15:06:47 +0000  copying file ./Payload/expoapp.app/RCTI18nStrings.bundle/zh-Hant.lproj/Localizable.strings ... 
2024-11-03 15:06:47 +0000  64 bytes for ./Payload/expoapp.app/RCTI18nStrings.bundle/zh-Hant.lproj/Localizable.strings
2024-11-03 15:06:47 +0000  copying file ./Payload/expoapp.app/RCTI18nStrings.bundle/zh-Hant.lproj/fbt_language_pack.bin ... 
2024-11-03 15:06:47 +0000  1308 bytes for ./Payload/expoapp.app/RCTI18nStrings.bundle/zh-Hant.lproj/fbt_language_pack.bin
2024-11-03 15:06:47 +0000  copying file ./Payload/expoapp.app/RCTI18nStrings.bundle/hu.lproj/Localizable.strings ... 
2024-11-03 15:06:47 +0000  64 bytes for ./Payload/expoapp.app/RCTI18nStrings.bundle/hu.lproj/Localizable.strings
2024-11-03 15:06:47 +0000  copying file ./Payload/expoapp.app/RCTI18nStrings.bundle/hu.lproj/fbt_language_pack.bin ... 
2024-11-03 15:06:47 +0000  1348 bytes for ./Payload/expoapp.app/RCTI18nStrings.bundle/hu.lproj/fbt_language_pack.bin
2024-11-03 15:06:47 +0000  copying file ./Payload/expoapp.app/RCTI18nStrings.bundle/tr.lproj/Localizable.strings ... 
2024-11-03 15:06:47 +0000  64 bytes for ./Payload/expoapp.app/RCTI18nStrings.bundle/tr.lproj/Localizable.strings
2024-11-03 15:06:47 +0000  copying file ./Payload/expoapp.app/RCTI18nStrings.bundle/tr.lproj/fbt_language_pack.bin ... 
2024-11-03 15:06:47 +0000  1360 bytes for ./Payload/expoapp.app/RCTI18nStrings.bundle/tr.lproj/fbt_language_pack.bin
2024-11-03 15:06:47 +0000  copying file ./Payload/expoapp.app/RCTI18nStrings.bundle/pl.lproj/Localizable.strings ... 
2024-11-03 15:06:47 +0000  64 bytes for ./Payload/expoapp.app/RCTI18nStrings.bundle/pl.lproj/Localizable.strings
2024-11-03 15:06:47 +0000  copying file ./Payload/expoapp.app/RCTI18nStrings.bundle/pl.lproj/fbt_language_pack.bin ... 
2024-11-03 15:06:47 +0000  1340 bytes for ./Payload/expoapp.app/RCTI18nStrings.bundle/pl.lproj/fbt_language_pack.bin
2024-11-03 15:06:47 +0000  copying file ./Payload/expoapp.app/RCTI18nStrings.bundle/vi.lproj/Localizable.strings ... 
2024-11-03 15:06:47 +0000  64 bytes for ./Payload/expoapp.app/RCTI18nStrings.bundle/vi.lproj/Localizable.strings
copying file ./Payload/expoapp.app/RCTI18nStrings.bundle/vi.lproj/fbt_language_pack.bin ... 
2024-11-03 15:06:47 +0000  1352 bytes for ./Payload/expoapp.app/RCTI18nStrings.bundle/vi.lproj/fbt_language_pack.bin
2024-11-03 15:06:47 +0000  copying file ./Payload/expoapp.app/RCTI18nStrings.bundle/ru.lproj/Localizable.strings ... 
2024-11-03 15:06:47 +0000  64 bytes for ./Payload/expoapp.app/RCTI18nStrings.bundle/ru.lproj/Localizable.strings
2024-11-03 15:06:47 +0000  copying file ./Payload/expoapp.app/RCTI18nStrings.bundle/ru.lproj/fbt_language_pack.bin ... 
2024-11-03 15:06:47 +0000  1576 bytes for ./Payload/expoapp.app/RCTI18nStrings.bundle/ru.lproj/fbt_language_pack.bin
2024-11-03 15:06:47 +0000  copying file ./Payload/expoapp.app/RCTI18nStrings.bundle/fr.lproj/Localizable.strings ... 
2024-11-03 15:06:47 +0000  64 bytes for ./Payload/expoapp.app/RCTI18nStrings.bundle/fr.lproj/Localizable.strings
2024-11-03 15:06:47 +0000  copying file ./Payload/expoapp.app/RCTI18nStrings.bundle/fr.lproj/fbt_language_pack.bin ... 
2024-11-03 15:06:47 +0000  1360 bytes for ./Payload/expoapp.app/RCTI18nStrings.bundle/fr.lproj/fbt_language_pack.bin
2024-11-03 15:06:47 +0000  copying file ./Payload/expoapp.app/RCTI18nStrings.bundle/fi.lproj/Localizable.strings ... 
2024-11-03 15:06:47 +0000  64 bytes for ./Payload/expoapp.app/RCTI18nStrings.bundle/fi.lproj/Localizable.strings
2024-11-03 15:06:47 +0000  copying file ./Payload/expoapp.app/RCTI18nStrings.bundle/fi.lproj/fbt_language_pack.bin ... 
2024-11-03 15:06:47 +0000  1340 bytes for ./Payload/expoapp.app/RCTI18nStrings.bundle/fi.lproj/fbt_language_pack.bin
2024-11-03 15:06:47 +0000  copying file ./Payload/expoapp.app/RCTI18nStrings.bundle/id.lproj/Localizable.strings ... 
2024-11-03 15:06:47 +0000  64 bytes for ./Payload/expoapp.app/RCTI18nStrings.bundle/id.lproj/Localizable.strings
2024-11-03 15:06:47 +0000  copying file ./Payload/expoapp.app/RCTI18nStrings.bundle/id.lproj/fbt_language_pack.bin ... 
2024-11-03 15:06:47 +0000  1300 bytes for ./Payload/expoapp.app/RCTI18nStrings.bundle/id.lproj/fbt_language_pack.bin
2024-11-03 15:06:47 +0000  copying file ./Payload/expoapp.app/RCTI18nStrings.bundle/nl.lproj/Localizable.strings ... 
2024-11-03 15:06:47 +0000  64 bytes for ./Payload/expoapp.app/RCTI18nStrings.bundle/nl.lproj/Localizable.strings
2024-11-03 15:06:47 +0000  copying file ./Payload/expoapp.app/RCTI18nStrings.bundle/nl.lproj/fbt_language_pack.bin ... 
2024-11-03 15:06:47 +0000  1324 bytes for ./Payload/expoapp.app/RCTI18nStrings.bundle/nl.lproj/fbt_language_pack.bin
2024-11-03 15:06:47 +0000  copying file ./Payload/expoapp.app/RCTI18nStrings.bundle/th.lproj/Localizable.strings ... 
2024-11-03 15:06:47 +0000  64 bytes for ./Payload/expoapp.app/RCTI18nStrings.bundle/th.lproj/Localizable.strings
2024-11-03 15:06:47 +0000  copying file ./Payload/expoapp.app/RCTI18nStrings.bundle/th.lproj/fbt_language_pack.bin ... 
2024-11-03 15:06:47 +0000  1784 bytes for ./Payload/expoapp.app/RCTI18nStrings.bundle/th.lproj/fbt_language_pack.bin
2024-11-03 15:06:47 +0000  copying file ./Payload/expoapp.app/RCTI18nStrings.bundle/pt.lproj/Localizable.strings ... 
2024-11-03 15:06:47 +0000  64 bytes for ./Payload/expoapp.app/RCTI18nStrings.bundle/pt.lproj/Localizable.strings
2024-11-03 15:06:47 +0000  copying file ./Payload/expoapp.app/RCTI18nStrings.bundle/pt.lproj/fbt_language_pack.bin ... 
2024-11-03 15:06:47 +0000  1356 bytes for ./Payload/expoapp.app/RCTI18nStrings.bundle/pt.lproj/fbt_language_pack.bin
2024-11-03 15:06:47 +0000  copying file ./Payload/expoapp.app/RCTI18nStrings.bundle/zu.lproj/Localizable.strings ... 
2024-11-03 15:06:47 +0000  64 bytes for ./Payload/expoapp.app/RCTI18nStrings.bundle/zu.lproj/Localizable.strings
2024-11-03 15:06:47 +0000  copying file ./Payload/expoapp.app/RCTI18nStrings.bundle/zu.lproj/fbt_language_pack.bin ... 
2024-11-03 15:06:47 +0000  2076 bytes for ./Payload/expoapp.app/RCTI18nStrings.bundle/zu.lproj/fbt_language_pack.bin
copying file ./Payload/expoapp.app/RCTI18nStrings.bundle/pt-PT.lproj/Localizable.strings ... 
64 bytes for ./Payload/expoapp.app/RCTI18nStrings.bundle/pt-PT.lproj/Localizable.strings
copying file ./Payload/expoapp.app/RCTI18nStrings.bundle/pt-PT.lproj/fbt_language_pack.bin ... 
1372 bytes for ./Payload/expoapp.app/RCTI18nStrings.bundle/pt-PT.lproj/fbt_language_pack.bin
copying file ./Payload/expoapp.app/RCTI18nStrings.bundle/ro.lproj/Localizable.strings ... 
64 bytes for ./Payload/expoapp.app/RCTI18nStrings.bundle/ro.lproj/Localizable.strings
copying file ./Payload/expoapp.app/RCTI18nStrings.bundle/ro.lproj/fbt_language_pack.bin ... 
2024-11-03 15:06:47 +0000  1344 bytes for ./Payload/expoapp.app/RCTI18nStrings.bundle/ro.lproj/fbt_language_pack.bin
2024-11-03 15:06:47 +0000  copying file ./Payload/expoapp.app/RCTI18nStrings.bundle/Info.plist ... 
2024-11-03 15:06:47 +0000  776 bytes for ./Payload/expoapp.app/RCTI18nStrings.bundle/Info.plist
2024-11-03 15:06:47 +0000  copying file ./Payload/expoapp.app/RCTI18nStrings.bundle/hr.lproj/Localizable.strings ... 
2024-11-03 15:06:47 +0000  64 bytes for ./Payload/expoapp.app/RCTI18nStrings.bundle/hr.lproj/Localizable.strings
2024-11-03 15:06:47 +0000  copying file ./Payload/expoapp.app/RCTI18nStrings.bundle/hr.lproj/fbt_language_pack.bin ... 
2024-11-03 15:06:47 +0000  1352 bytes for ./Payload/expoapp.app/RCTI18nStrings.bundle/hr.lproj/fbt_language_pack.bin
2024-11-03 15:06:47 +0000  copying file ./Payload/expoapp.app/RCTI18nStrings.bundle/hi.lproj/Localizable.strings ... 
2024-11-03 15:06:47 +0000  64 bytes for ./Payload/expoapp.app/RCTI18nStrings.bundle/hi.lproj/Localizable.strings
2024-11-03 15:06:47 +0000  copying file ./Payload/expoapp.app/RCTI18nStrings.bundle/hi.lproj/fbt_language_pack.bin ... 
2024-11-03 15:06:47 +0000  1640 bytes for ./Payload/expoapp.app/RCTI18nStrings.bundle/hi.lproj/fbt_language_pack.bin
2024-11-03 15:06:47 +0000  copying file ./Payload/expoapp.app/PrivacyInfo.xcprivacy ... 
2024-11-03 15:06:47 +0000  1283 bytes for ./Payload/expoapp.app/PrivacyInfo.xcprivacy
2024-11-03 15:06:47 +0000  copying file ./Payload/expoapp.app/ExpoFileSystem_privacy.bundle/PrivacyInfo.xcprivacy ... 
2024-11-03 15:06:47 +0000  877 bytes for ./Payload/expoapp.app/ExpoFileSystem_privacy.bundle/PrivacyInfo.xcprivacy
2024-11-03 15:06:47 +0000  copying file ./Payload/expoapp.app/ExpoFileSystem_privacy.bundle/Info.plist ... 
2024-11-03 15:06:47 +0000  794 bytes for ./Payload/expoapp.app/ExpoFileSystem_privacy.bundle/Info.plist
2024-11-03 15:06:47 +0000  copying file ./Payload/expoapp.app/Frameworks/libswift_Concurrency.dylib ... 
2024-11-03 15:06:47 +0000  557936 bytes for ./Payload/expoapp.app/Frameworks/libswift_Concurrency.dylib
2024-11-03 15:06:47 +0000  copying file ./Payload/expoapp.app/Frameworks/hermes.framework/_CodeSignature/CodeResources ... 
2024-11-03 15:06:47 +0000  1798 bytes for ./Payload/expoapp.app/Frameworks/hermes.framework/_CodeSignature/CodeResources
copying file ./Payload/expoapp.app/Frameworks/hermes.framework/hermes ... 
2024-11-03 15:06:47 +0000  4445200 bytes for ./Payload/expoapp.app/Frameworks/hermes.framework/hermes
2024-11-03 15:06:47 +0000  copying file ./Payload/expoapp.app/Frameworks/hermes.framework/Info.plist ... 
815 bytes for ./Payload/expoapp.app/Frameworks/hermes.framework/Info.plist
copying file ./Payload/expoapp.app/embedded.mobileprovision ... 
2024-11-03 15:06:47 +0000  15492 bytes for ./Payload/expoapp.app/embedded.mobileprovision
2024-11-03 15:06:47 +0000  copying file ./Payload/expoapp.app/assets/node_modules/@react-navigation/elements/src/assets/back-icon@3x.png ... 
2024-11-03 15:06:47 +0000  761 bytes for ./Payload/expoapp.app/assets/node_modules/@react-navigation/elements/src/assets/back-icon@3x.png
2024-11-03 15:06:47 +0000  copying file ./Payload/expoapp.app/assets/node_modules/@react-navigation/elements/src/assets/back-icon@2x.png ... 
405 bytes for ./Payload/expoapp.app/assets/node_modules/@react-navigation/elements/src/assets/back-icon@2x.png
2024-11-03 15:06:47 +0000  copying file ./Payload/expoapp.app/assets/node_modules/@react-navigation/elements/src/assets/back-icon.png ... 
290 bytes for ./Payload/expoapp.app/assets/node_modules/@react-navigation/elements/src/assets/back-icon.png
2024-11-03 15:06:47 +0000  copying file ./Payload/expoapp.app/assets/node_modules/@react-navigation/elements/src/assets/back-icon-mask.png ... 
2024-11-03 15:06:47 +0000  913 bytes for ./Payload/expoapp.app/assets/node_modules/@react-navigation/elements/src/assets/back-icon-mask.png
2024-11-03 15:06:47 +0000  copying file ./Payload/expoapp.app/assets/node_modules/@expo/vector-icons/build/vendor/react-native-vector-icons/Fonts/Ionicons.ttf ... 
2024-11-03 15:06:47 +0000  442604 bytes for ./Payload/expoapp.app/assets/node_modules/@expo/vector-icons/build/vendor/react-native-vector-icons/Fonts/Ionicons.ttf
2024-11-03 15:06:47 +0000  copying file ./Payload/expoapp.app/assets/node_modules/expo-router/assets/pkg.png ... 
2024-11-03 15:06:47 +0000  429 bytes for ./Payload/expoapp.app/assets/node_modules/expo-router/assets/pkg.png
2024-11-03 15:06:47 +0000  copying file ./Payload/expoapp.app/assets/node_modules/expo-router/assets/file.png ... 
2024-11-03 15:06:47 +0000  158 bytes for ./Payload/expoapp.app/assets/node_modules/expo-router/assets/file.png
copying file ./Payload/expoapp.app/assets/node_modules/expo-router/assets/forward.png ... 
2024-11-03 15:06:47 +0000  250 bytes for ./Payload/expoapp.app/assets/node_modules/expo-router/assets/forward.png
2024-11-03 15:06:47 +0000  copying file ./Payload/expoapp.app/assets/node_modules/expo-router/assets/error.png ... 
2024-11-03 15:06:47 +0000  516 bytes for ./Payload/expoapp.app/assets/node_modules/expo-router/assets/error.png
2024-11-03 15:06:47 +0000  copying file ./Payload/expoapp.app/assets/assets/images/partial-react-logo.png ... 
2024-11-03 15:06:47 +0000  5075 bytes for ./Payload/expoapp.app/assets/assets/images/partial-react-logo.png
2024-11-03 15:06:47 +0000  copying file ./Payload/expoapp.app/assets/assets/images/react-logo@2x.png ... 
2024-11-03 15:06:47 +0000  14225 bytes for ./Payload/expoapp.app/assets/assets/images/react-logo@2x.png
2024-11-03 15:06:47 +0000  copying file ./Payload/expoapp.app/assets/assets/images/react-logo@3x.png ... 
2024-11-03 15:06:47 +0000  21252 bytes for ./Payload/expoapp.app/assets/assets/images/react-logo@3x.png
2024-11-03 15:06:47 +0000  copying file ./Payload/expoapp.app/assets/assets/images/react-logo.png ... 
2024-11-03 15:06:47 +0000  6341 bytes for ./Payload/expoapp.app/assets/assets/images/react-logo.png
2024-11-03 15:06:47 +0000  copying file ./Payload/expoapp.app/assets/assets/fonts/SpaceMono-Regular.ttf ... 
2024-11-03 15:06:47 +0000  93252 bytes for ./Payload/expoapp.app/assets/assets/fonts/SpaceMono-Regular.ttf
2024-11-03 15:06:47 +0000  copying file ./Payload/expoapp.app/Info.plist ... 
2024-11-03 15:06:47 +0000  1813 bytes for ./Payload/expoapp.app/Info.plist
2024-11-03 15:06:47 +0000  copying file ./Payload/expoapp.app/Expo.plist ... 
2024-11-03 15:06:47 +0000  132 bytes for ./Payload/expoapp.app/Expo.plist
copying file ./Payload/expoapp.app/PkgInfo ... 
2024-11-03 15:06:47 +0000  8 bytes for ./Payload/expoapp.app/PkgInfo
2024-11-03 15:06:47 +0000  copying file ./SwiftSupport/iphoneos/libswift_Concurrency.dylib ... 
2024-11-03 15:06:48 +0000  7741808 bytes for ./SwiftSupport/iphoneos/libswift_Concurrency.dylib
2024-11-03 15:06:48 +0000  copying file ./Symbols/0EBDE089-C3D6-3835-B181-CD659330498F.symbols ... 
2024-11-03 15:06:48 +0000  24835852 bytes for ./Symbols/0EBDE089-C3D6-3835-B181-CD659330498F.symbols
2024-11-03 15:06:48 +0000  /usr/bin/ditto exited with 0
2024-11-03 15:06:48 +0000  Processing step: IDEDistributionAppStoreInformationStep
2024-11-03 15:06:48 +0000  Skipping step: IDEDistributionAppStoreInformationStep because it said so
2024-11-03 15:06:48 +0000  Processing step: IDEDistributionGenerateProcessedDistributionItems
2024-11-03 15:06:48 +0000  IDEDistributionItem init <DVTFilePath:0x600028a64000:'/var/folders/v5/kn5srbfs3zz0ky7wrgv61k240000gn/T/XcodeDistPipeline.~~~QQ7NY2/Root/Payload/expoapp.app/Frameworks/hermes.framework'>
2024-11-03 15:06:48 +0000  IDEDistributionItem init <DVTFilePath:0x600034990070:'/var/folders/v5/kn5srbfs3zz0ky7wrgv61k240000gn/T/XcodeDistPipeline.~~~QQ7NY2/Root/Payload/expoapp.app/Frameworks/libswift_Concurrency.dylib'>
2024-11-03 15:06:48 +0000  [OPTIONAL] Can't have a profile, not a bundle at <DVTFilePath:0x600034990070:'/var/folders/v5/kn5srbfs3zz0ky7wrgv61k240000gn/T/XcodeDistPipeline.~~~QQ7NY2/Root/Payload/expoapp.app/Frameworks/libswift_Concurrency.dylib'>
2024-11-03 15:06:48 +0000  IDEDistributionItem init <DVTFilePath:0x6000247f8480:'/var/folders/v5/kn5srbfs3zz0ky7wrgv61k240000gn/T/XcodeDistPipeline.~~~QQ7NY2/Root/Payload/expoapp.app'>
2024-11-03 15:06:48 +0000  Processing step: IDEDistributionCreateManifestStep
2024-11-03 15:06:48 +0000  Skipping step: IDEDistributionCreateManifestStep because it said so
